0
0.0
10000000
0.0023283064365386963
20000000
0.004656612873077393
30000000
0.006984919309616089
40000000
0.009313225746154785
50000000
0.011641532182693481
60000000
0.013969838619232178
70000000
0.016298145055770874
80000000
0.01862645149230957
90000000
0.020954757928848267
100000000
0.023283064365386963
110000000
0.02561137080192566
120000000
0.027939677238464355
130000000
0.030267983675003052
140000000
0.03259629011154175
150000000
0.034924596548080444
160000000
0.03725290298461914
170000000
0.03958120942115784
180000000
0.04190951585769653
190000000
0.04423782229423523
200000000
0.046566128730773926
210000000
0.04889443516731262
220000000
0.05122274160385132
230000000
0.053551048040390015
240000000
0.05587935447692871
250000000
0.05820766091346741
260000000
0.060535967350006104
270000000
0.0628642737865448
280000000
0.0651925802230835
290000000
0.06752088665962219
300000000
0.06984919309616089
310000000
0.07217749953269958
320000000
0.07450580596923828
330000000
0.07683411240577698
340000000
0.07916241884231567
350000000
0.08149072527885437
360000000
0.08381903171539307
370000000
0.08614733815193176
380000000
0.08847564458847046
390000000
0.09080395102500916
400000000
0.09313225746154785
410000000
0.09546056389808655
420000000
0.09778887033462524
430000000
0.10011717677116394
440000000
0.10244548320770264
450000000
0.10477378964424133
460000000
0.10710209608078003
470000000
0.10943040251731873
480000000
0.11175870895385742
490000000
0.11408701539039612
500000000
0.11641532182693481
510000000
0.11874362826347351
520000000
0.12107193470001221
530000000
0.1234002411365509
540000000
0.1257285475730896
550000000
0.1280568540096283
560000000
0.130385160446167
570000000
0.1327134668827057
580000000
0.13504177331924438
590000000
0.13737007975578308
600000000
0.13969838619232178
610000000
0.14202669262886047
620000000
0.14435499906539917
630000000
0.14668330550193787
640000000
0.14901161193847656
650000000
0.15133991837501526
660000000
0.15366822481155396
670000000
0.15599653124809265
680000000
0.15832483768463135
690000000
0.16065314412117004
700000000
0.16298145055770874
710000000
0.16530975699424744
720000000
0.16763806343078613
730000000
0.16996636986732483
740000000
0.17229467630386353
750000000
0.17462298274040222
760000000
0.17695128917694092
770000000
0.17927959561347961
780000000
0.1816079020500183
790000000
0.183936208486557
800000000
0.1862645149230957
810000000
0.1885928213596344
820000000
0.1909211277961731
830000000
0.1932494342327118
840000000
0.1955777406692505
850000000
0.19790604710578918
860000000
0.20023435354232788
870000000
0.20256265997886658
880000000
0.20489096641540527
890000000
0.20721927285194397
900000000
0.20954757928848267
910000000
0.21187588572502136
920000000
0.21420419216156006
930000000
0.21653249859809875
940000000
0.21886080503463745
950000000
0.22118911147117615
960000000
0.22351741790771484
970000000
0.22584572434425354
980000000
0.22817403078079224
990000000
0.23050233721733093
1000000000
0.23283064365386963
1010000000
0.23515895009040833
1020000000
0.23748725652694702
1030000000
0.23981556296348572
1040000000
0.24214386940002441
1050000000
0.2444721758365631
1060000000
0.2468004822731018
1070000000
0.2491287887096405
1080000000
0.2514570951461792
1090000000
0.2537854015827179
1100000000
0.2561137080192566
1110000000
0.2584420144557953
1120000000
0.260770320892334
1130000000
0.2630986273288727
1140000000
0.2654269337654114
1150000000
0.2677552402019501
1160000000
0.27008354663848877
1170000000
0.27241185307502747
1180000000
0.27474015951156616
1190000000
0.27706846594810486
1200000000
0.27939677238464355
1210000000
0.28172507882118225
1220000000
0.28405338525772095
1230000000
0.28638169169425964
1240000000
0.28870999813079834
1250000000
0.29103830456733704
1260000000
0.29336661100387573
1270000000
0.29569491744041443
1280000000
0.2980232238769531
1290000000
0.3003515303134918
1300000000
0.3026798367500305
1310000000
0.3050081431865692
1320000000
0.3073364496231079
1330000000
0.3096647560596466
1340000000
0.3119930624961853
1350000000
0.314321368932724
1360000000
0.3166496753692627
1370000000
0.3189779818058014
1380000000
0.3213062882423401
1390000000
0.3236345946788788
1400000000
0.3259629011154175
1410000000
0.3282912075519562
1420000000
0.3306195139884949
1430000000
0.33294782042503357
1440000000
0.33527612686157227
1450000000
0.33760443329811096
1460000000
0.33993273973464966
1470000000
0.34226104617118835
1480000000
0.34458935260772705
1490000000
0.34691765904426575
1500000000
0.34924596548080444
1510000000
0.35157427191734314
1520000000
0.35390257835388184
1530000000
0.35623088479042053
1540000000
0.35855919122695923
1550000000
0.3608874976634979
1560000000
0.3632158041000366
1570000000
0.3655441105365753
1580000000
0.367872416973114
1590000000
0.3702007234096527
1600000000
0.3725290298461914
1610000000
0.3748573362827301
1620000000
0.3771856427192688
1630000000
0.3795139491558075
1640000000
0.3818422555923462
1650000000
0.3841705620288849
1660000000
0.3864988684654236
1670000000
0.3888271749019623
1680000000
0.391155481338501
1690000000
0.3934837877750397
1700000000
0.39581209421157837
1710000000
0.39814040064811707
1720000000
0.40046870708465576
1730000000
0.40279701352119446
1740000000
0.40512531995773315
1750000000
0.40745362639427185
1760000000
0.40978193283081055
1770000000
0.41211023926734924
1780000000
0.41443854570388794
1790000000
0.41676685214042664
1800000000
0.41909515857696533
1810000000
0.42142346501350403
1820000000
0.4237517714500427
1830000000
0.4260800778865814
1840000000
0.4284083843231201
1850000000
0.4307366907596588
1860000000
0.4330649971961975
1870000000
0.4353933036327362
1880000000
0.4377216100692749
1890000000
0.4400499165058136
1900000000
0.4423782229423523
1910000000
0.444706529378891
1920000000
0.4470348358154297
1930000000
0.4493631422519684
1940000000
0.4516914486885071
1950000000
0.4540197551250458
1960000000
0.4563480615615845
1970000000
0.45867636799812317
1980000000
0.46100467443466187
1990000000
0.46333298087120056
2000000000
0.46566128730773926
2010000000
0.46798959374427795
2020000000
0.47031790018081665
2030000000
0.47264620661735535
2040000000
0.47497451305389404
2050000000
0.47730281949043274
2060000000
0.47963112592697144
2070000000
0.48195943236351013
2080000000
0.48428773880004883
2090000000
0.4866160452365875
2100000000
0.4889443516731262
2110000000
0.4912726581096649
2120000000
0.4936009645462036
2130000000
0.4959292709827423
2140000000
0.498257577419281
