0
0.0

No allocation found

((0, 1), (0, 2), (1, 2), (3, 4, 5))
No allocation found

((0, 1), (0, 2), (0, 3, 4, 5), (1, 2, 3, 4, 5))
No allocation found

((0, 1), (0, 3), (1, 3), (2, 4, 5))
No allocation found

((0, 1), (0, 3), (0, 2, 4, 5), (1, 2, 3, 4, 5))
No allocation found

((0, 1), (0, 4), (1, 4), (2, 3, 5))
No allocation found

((0, 1), (0, 4), (0, 2, 3, 5), (1, 2, 3, 4, 5))
No allocation found

((0, 1), (0, 5), (1, 5), (2, 3, 4))
No allocation found

((0, 1), (0, 5), (0, 2, 3, 4), (1, 2, 3, 4, 5))
No allocation found

((0, 1), (1, 2), (1, 3, 4, 5), (0, 2, 3, 4, 5))
No allocation found

((0, 1), (1, 3), (1, 2, 4, 5), (0, 2, 3, 4, 5))
No allocation found

((0, 1), (1, 4), (1, 2, 3, 5), (0, 2, 3, 4, 5))
No allocation found

((0, 1), (1, 5), (1, 2, 3, 4), (0, 2, 3, 4, 5))
No allocation found

((0, 2), (0, 3), (2, 3), (1, 4, 5))
No allocation found

((0, 2), (0, 3), (0, 1, 4, 5), (1, 2, 3, 4, 5))
No allocation found

((0, 2), (0, 4), (2, 4), (1, 3, 5))
No allocation found

((0, 2), (0, 4), (0, 1, 3, 5), (1, 2, 3, 4, 5))
No allocation found

((0, 2), (0, 5), (2, 5), (1, 3, 4))
No allocation found

((0, 2), (0, 5), (0, 1, 3, 4), (1, 2, 3, 4, 5))
No allocation found

((0, 2), (1, 2), (2, 3, 4, 5), (0, 1, 3, 4, 5))
No allocation found

((0, 2), (2, 3), (1, 2, 4, 5), (0, 1, 3, 4, 5))
No allocation found

((0, 2), (2, 4), (1, 2, 3, 5), (0, 1, 3, 4, 5))
No allocation found

((0, 2), (2, 5), (1, 2, 3, 4), (0, 1, 3, 4, 5))
No allocation found

((0, 3), (0, 4), (3, 4), (1, 2, 5))
No allocation found

((0, 3), (0, 4), (0, 1, 2, 5), (1, 2, 3, 4, 5))
No allocation found

((0, 3), (0, 5), (3, 5), (1, 2, 4))
No allocation found

((0, 3), (0, 5), (0, 1, 2, 4), (1, 2, 3, 4, 5))
No allocation found

((0, 3), (1, 3), (2, 3, 4, 5), (0, 1, 2, 4, 5))
No allocation found

((0, 3), (2, 3), (1, 3, 4, 5), (0, 1, 2, 4, 5))
No allocation found

((0, 3), (3, 4), (1, 2, 3, 5), (0, 1, 2, 4, 5))
No allocation found

((0, 3), (3, 5), (1, 2, 3, 4), (0, 1, 2, 4, 5))
No allocation found

((0, 4), (0, 5), (4, 5), (1, 2, 3))
No allocation found

((0, 4), (0, 5), (0, 1, 2, 3), (1, 2, 3, 4, 5))
No allocation found

((0, 4), (1, 4), (2, 3, 4, 5), (0, 1, 2, 3, 5))
No allocation found

((0, 4), (2, 4), (1, 3, 4, 5), (0, 1, 2, 3, 5))
No allocation found

((0, 4), (3, 4), (1, 2, 4, 5), (0, 1, 2, 3, 5))
No allocation found

((0, 4), (4, 5), (1, 2, 3, 4), (0, 1, 2, 3, 5))
No allocation found

((0, 5), (1, 5), (2, 3, 4, 5), (0, 1, 2, 3, 4))
No allocation found

((0, 5), (2, 5), (1, 3, 4, 5), (0, 1, 2, 3, 4))
No allocation found

((0, 5), (3, 5), (1, 2, 4, 5), (0, 1, 2, 3, 4))
No allocation found

((0, 5), (4, 5), (1, 2, 3, 5), (0, 1, 2, 3, 4))
No allocation found

((1, 2), (1, 3), (2, 3), (0, 4, 5))
No allocation found

((1, 2), (1, 3), (0, 1, 4, 5), (0, 2, 3, 4, 5))
No allocation found

((1, 2), (1, 4), (2, 4), (0, 3, 5))
No allocation found

((1, 2), (1, 4), (0, 1, 3, 5), (0, 2, 3, 4, 5))
No allocation found

((1, 2), (1, 5), (2, 5), (0, 3, 4))
No allocation found

((1, 2), (1, 5), (0, 1, 3, 4), (0, 2, 3, 4, 5))
No allocation found

((1, 2), (2, 3), (0, 2, 4, 5), (0, 1, 3, 4, 5))
No allocation found

((1, 2), (2, 4), (0, 2, 3, 5), (0, 1, 3, 4, 5))
No allocation found

((1, 2), (2, 5), (0, 2, 3, 4), (0, 1, 3, 4, 5))
No allocation found

((1, 3), (1, 4), (3, 4), (0, 2, 5))
No allocation found

((1, 3), (1, 4), (0, 1, 2, 5), (0, 2, 3, 4, 5))
No allocation found

((1, 3), (1, 5), (3, 5), (0, 2, 4))
No allocation found

((1, 3), (1, 5), (0, 1, 2, 4), (0, 2, 3, 4, 5))
No allocation found

((1, 3), (2, 3), (0, 3, 4, 5), (0, 1, 2, 4, 5))
No allocation found

((1, 3), (3, 4), (0, 2, 3, 5), (0, 1, 2, 4, 5))
No allocation found

((1, 3), (3, 5), (0, 2, 3, 4), (0, 1, 2, 4, 5))
No allocation found

((1, 4), (1, 5), (4, 5), (0, 2, 3))
No allocation found

((1, 4), (1, 5), (0, 1, 2, 3), (0, 2, 3, 4, 5))
No allocation found

((1, 4), (2, 4), (0, 3, 4, 5), (0, 1, 2, 3, 5))
No allocation found

((1, 4), (3, 4), (0, 2, 4, 5), (0, 1, 2, 3, 5))
No allocation found

((1, 4), (4, 5), (0, 2, 3, 4), (0, 1, 2, 3, 5))
No allocation found

((1, 5), (2, 5), (0, 3, 4, 5), (0, 1, 2, 3, 4))
No allocation found

((1, 5), (3, 5), (0, 2, 4, 5), (0, 1, 2, 3, 4))
No allocation found

((1, 5), (4, 5), (0, 2, 3, 5), (0, 1, 2, 3, 4))
No allocation found

((2, 3), (2, 4), (3, 4), (0, 1, 5))
No allocation found

((2, 3), (2, 4), (0, 1, 2, 5), (0, 1, 3, 4, 5))
No allocation found

((2, 3), (2, 5), (3, 5), (0, 1, 4))
No allocation found

((2, 3), (2, 5), (0, 1, 2, 4), (0, 1, 3, 4, 5))
No allocation found

((2, 3), (3, 4), (0, 1, 3, 5), (0, 1, 2, 4, 5))
No allocation found

((2, 3), (3, 5), (0, 1, 3, 4), (0, 1, 2, 4, 5))
No allocation found

((2, 4), (2, 5), (4, 5), (0, 1, 3))
No allocation found

((2, 4), (2, 5), (0, 1, 2, 3), (0, 1, 3, 4, 5))
No allocation found

((2, 4), (3, 4), (0, 1, 4, 5), (0, 1, 2, 3, 5))
No allocation found

((2, 4), (4, 5), (0, 1, 3, 4), (0, 1, 2, 3, 5))
No allocation found

((2, 5), (3, 5), (0, 1, 4, 5), (0, 1, 2, 3, 4))
No allocation found

((2, 5), (4, 5), (0, 1, 3, 5), (0, 1, 2, 3, 4))
No allocation found

((3, 4), (3, 5), (4, 5), (0, 1, 2))
No allocation found

((3, 4), (3, 5), (0, 1, 2, 3), (0, 1, 2, 4, 5))
No allocation found

((3, 4), (4, 5), (0, 1, 2, 4), (0, 1, 2, 3, 5))
No allocation found

((3, 5), (4, 5), (0, 1, 2, 5), (0, 1, 2, 3, 4))
No allocation found

((0, 1, 2), (0, 3, 4, 5), (1, 3, 4, 5), (2, 3, 4, 5))
No allocation found

((0, 1, 3), (0, 2, 4, 5), (1, 2, 4, 5), (2, 3, 4, 5))
No allocation found

((0, 1, 4), (0, 2, 3, 5), (1, 2, 3, 5), (2, 3, 4, 5))
No allocation found

((0, 1, 5), (0, 2, 3, 4), (1, 2, 3, 4), (2, 3, 4, 5))
No allocation found

((0, 2, 3), (0, 1, 4, 5), (1, 2, 4, 5), (1, 3, 4, 5))
No allocation found

((0, 2, 4), (0, 1, 3, 5), (1, 2, 3, 5), (1, 3, 4, 5))
No allocation found

((0, 2, 5), (0, 1, 3, 4), (1, 2, 3, 4), (1, 3, 4, 5))
No allocation found

((0, 3, 4), (0, 1, 2, 5), (1, 2, 3, 5), (1, 2, 4, 5))
No allocation found

((0, 3, 5), (0, 1, 2, 4), (1, 2, 3, 4), (1, 2, 4, 5))
No allocation found

((0, 4, 5), (0, 1, 2, 3), (1, 2, 3, 4), (1, 2, 3, 5))
No allocation found

((1, 2, 3), (0, 1, 4, 5), (0, 2, 4, 5), (0, 3, 4, 5))
No allocation found

((1, 2, 4), (0, 1, 3, 5), (0, 2, 3, 5), (0, 3, 4, 5))
No allocation found

((1, 2, 5), (0, 1, 3, 4), (0, 2, 3, 4), (0, 3, 4, 5))
No allocation found

((1, 3, 4), (0, 1, 2, 5), (0, 2, 3, 5), (0, 2, 4, 5))
No allocation found

((1, 3, 5), (0, 1, 2, 4), (0, 2, 3, 4), (0, 2, 4, 5))
No allocation found

((1, 4, 5), (0, 1, 2, 3), (0, 2, 3, 4), (0, 2, 3, 5))
No allocation found

((2, 3, 4), (0, 1, 2, 5), (0, 1, 3, 5), (0, 1, 4, 5))
No allocation found

((2, 3, 5), (0, 1, 2, 4), (0, 1, 3, 4), (0, 1, 4, 5))
No allocation found

((2, 4, 5), (0, 1, 2, 3), (0, 1, 3, 4), (0, 1, 3, 5))
No allocation found

((3, 4, 5), (0, 1, 2, 3), (0, 1, 2, 4), (0, 1, 2, 5))
No allocation found

((0,), (1, 2), (1, 3), (1, 4, 5), (2, 3, 4, 5))
No allocation found

((0,), (1, 2), (1, 4), (1, 3, 5), (2, 3, 4, 5))
No allocation found

((0,), (1, 2), (1, 5), (1, 3, 4), (2, 3, 4, 5))
No allocation found

((0,), (1, 2), (2, 3), (2, 4, 5), (1, 3, 4, 5))
No allocation found

((0,), (1, 2), (2, 4), (2, 3, 5), (1, 3, 4, 5))
No allocation found

((0,), (1, 2), (2, 5), (2, 3, 4), (1, 3, 4, 5))
No allocation found

((0,), (1, 3), (1, 4), (1, 2, 5), (2, 3, 4, 5))
No allocation found

((0,), (1, 3), (1, 5), (1, 2, 4), (2, 3, 4, 5))
No allocation found

((0,), (1, 3), (2, 3), (3, 4, 5), (1, 2, 4, 5))
No allocation found

((0,), (1, 3), (3, 4), (2, 3, 5), (1, 2, 4, 5))
No allocation found

((0,), (1, 3), (3, 5), (2, 3, 4), (1, 2, 4, 5))
No allocation found

((0,), (1, 4), (1, 5), (1, 2, 3), (2, 3, 4, 5))
No allocation found

((0,), (1, 4), (2, 4), (3, 4, 5), (1, 2, 3, 5))
No allocation found

((0,), (1, 4), (3, 4), (2, 4, 5), (1, 2, 3, 5))
No allocation found

((0,), (1, 4), (4, 5), (2, 3, 4), (1, 2, 3, 5))
No allocation found

((0,), (1, 5), (2, 5), (3, 4, 5), (1, 2, 3, 4))
No allocation found

((0,), (1, 5), (3, 5), (2, 4, 5), (1, 2, 3, 4))
No allocation found

((0,), (1, 5), (4, 5), (2, 3, 5), (1, 2, 3, 4))
No allocation found

((0,), (2, 3), (2, 4), (1, 2, 5), (1, 3, 4, 5))
No allocation found

((0,), (2, 3), (2, 5), (1, 2, 4), (1, 3, 4, 5))
No allocation found

((0,), (2, 3), (3, 4), (1, 3, 5), (1, 2, 4, 5))
No allocation found

((0,), (2, 3), (3, 5), (1, 3, 4), (1, 2, 4, 5))
No allocation found

((0,), (2, 4), (2, 5), (1, 2, 3), (1, 3, 4, 5))
No allocation found

((0,), (2, 4), (3, 4), (1, 4, 5), (1, 2, 3, 5))
No allocation found

((0,), (2, 4), (4, 5), (1, 3, 4), (1, 2, 3, 5))
No allocation found

((0,), (2, 5), (3, 5), (1, 4, 5), (1, 2, 3, 4))
No allocation found

((0,), (2, 5), (4, 5), (1, 3, 5), (1, 2, 3, 4))
No allocation found

((0,), (3, 4), (3, 5), (1, 2, 3), (1, 2, 4, 5))
No allocation found

((0,), (3, 4), (4, 5), (1, 2, 4), (1, 2, 3, 5))
No allocation found

((0,), (3, 5), (4, 5), (1, 2, 5), (1, 2, 3, 4))
No allocation found

((1,), (0, 2), (0, 3), (0, 4, 5), (2, 3, 4, 5))
No allocation found

((1,), (0, 2), (0, 4), (0, 3, 5), (2, 3, 4, 5))
No allocation found

((1,), (0, 2), (0, 5), (0, 3, 4), (2, 3, 4, 5))
No allocation found

((1,), (0, 2), (2, 3), (2, 4, 5), (0, 3, 4, 5))
No allocation found

((1,), (0, 2), (2, 4), (2, 3, 5), (0, 3, 4, 5))
No allocation found

((1,), (0, 2), (2, 5), (2, 3, 4), (0, 3, 4, 5))
No allocation found

((1,), (0, 3), (0, 4), (0, 2, 5), (2, 3, 4, 5))
No allocation found

((1,), (0, 3), (0, 5), (0, 2, 4), (2, 3, 4, 5))
No allocation found

((1,), (0, 3), (2, 3), (3, 4, 5), (0, 2, 4, 5))
No allocation found

((1,), (0, 3), (3, 4), (2, 3, 5), (0, 2, 4, 5))
No allocation found

((1,), (0, 3), (3, 5), (2, 3, 4), (0, 2, 4, 5))
No allocation found

((1,), (0, 4), (0, 5), (0, 2, 3), (2, 3, 4, 5))
No allocation found

((1,), (0, 4), (2, 4), (3, 4, 5), (0, 2, 3, 5))
No allocation found

((1,), (0, 4), (3, 4), (2, 4, 5), (0, 2, 3, 5))
No allocation found

((1,), (0, 4), (4, 5), (2, 3, 4), (0, 2, 3, 5))
No allocation found

((1,), (0, 5), (2, 5), (3, 4, 5), (0, 2, 3, 4))
No allocation found

((1,), (0, 5), (3, 5), (2, 4, 5), (0, 2, 3, 4))
No allocation found

((1,), (0, 5), (4, 5), (2, 3, 5), (0, 2, 3, 4))
No allocation found

((1,), (2, 3), (2, 4), (0, 2, 5), (0, 3, 4, 5))
No allocation found

((1,), (2, 3), (2, 5), (0, 2, 4), (0, 3, 4, 5))
No allocation found

((1,), (2, 3), (3, 4), (0, 3, 5), (0, 2, 4, 5))
No allocation found

((1,), (2, 3), (3, 5), (0, 3, 4), (0, 2, 4, 5))
No allocation found

((1,), (2, 4), (2, 5), (0, 2, 3), (0, 3, 4, 5))
No allocation found

((1,), (2, 4), (3, 4), (0, 4, 5), (0, 2, 3, 5))
No allocation found

((1,), (2, 4), (4, 5), (0, 3, 4), (0, 2, 3, 5))
No allocation found

((1,), (2, 5), (3, 5), (0, 4, 5), (0, 2, 3, 4))
No allocation found

((1,), (2, 5), (4, 5), (0, 3, 5), (0, 2, 3, 4))
No allocation found

((1,), (3, 4), (3, 5), (0, 2, 3), (0, 2, 4, 5))
No allocation found

((1,), (3, 4), (4, 5), (0, 2, 4), (0, 2, 3, 5))
No allocation found

((1,), (3, 5), (4, 5), (0, 2, 5), (0, 2, 3, 4))
No allocation found

((2,), (0, 1), (0, 3), (0, 4, 5), (1, 3, 4, 5))
No allocation found

((2,), (0, 1), (0, 4), (0, 3, 5), (1, 3, 4, 5))
No allocation found

((2,), (0, 1), (0, 5), (0, 3, 4), (1, 3, 4, 5))
No allocation found

((2,), (0, 1), (1, 3), (1, 4, 5), (0, 3, 4, 5))
No allocation found

((2,), (0, 1), (1, 4), (1, 3, 5), (0, 3, 4, 5))
No allocation found

((2,), (0, 1), (1, 5), (1, 3, 4), (0, 3, 4, 5))
No allocation found

((2,), (0, 3), (0, 4), (0, 1, 5), (1, 3, 4, 5))
No allocation found

((2,), (0, 3), (0, 5), (0, 1, 4), (1, 3, 4, 5))
No allocation found

((2,), (0, 3), (1, 3), (3, 4, 5), (0, 1, 4, 5))
No allocation found

((2,), (0, 3), (3, 4), (1, 3, 5), (0, 1, 4, 5))
No allocation found

((2,), (0, 3), (3, 5), (1, 3, 4), (0, 1, 4, 5))
No allocation found

((2,), (0, 4), (0, 5), (0, 1, 3), (1, 3, 4, 5))
No allocation found

((2,), (0, 4), (1, 4), (3, 4, 5), (0, 1, 3, 5))
No allocation found

((2,), (0, 4), (3, 4), (1, 4, 5), (0, 1, 3, 5))
No allocation found

((2,), (0, 4), (4, 5), (1, 3, 4), (0, 1, 3, 5))
No allocation found

((2,), (0, 5), (1, 5), (3, 4, 5), (0, 1, 3, 4))
No allocation found

((2,), (0, 5), (3, 5), (1, 4, 5), (0, 1, 3, 4))
No allocation found

((2,), (0, 5), (4, 5), (1, 3, 5), (0, 1, 3, 4))
No allocation found

((2,), (1, 3), (1, 4), (0, 1, 5), (0, 3, 4, 5))
No allocation found

((2,), (1, 3), (1, 5), (0, 1, 4), (0, 3, 4, 5))
No allocation found

((2,), (1, 3), (3, 4), (0, 3, 5), (0, 1, 4, 5))
No allocation found

((2,), (1, 3), (3, 5), (0, 3, 4), (0, 1, 4, 5))
No allocation found

((2,), (1, 4), (1, 5), (0, 1, 3), (0, 3, 4, 5))
No allocation found

((2,), (1, 4), (3, 4), (0, 4, 5), (0, 1, 3, 5))
No allocation found

((2,), (1, 4), (4, 5), (0, 3, 4), (0, 1, 3, 5))
No allocation found

((2,), (1, 5), (3, 5), (0, 4, 5), (0, 1, 3, 4))
No allocation found

((2,), (1, 5), (4, 5), (0, 3, 5), (0, 1, 3, 4))
No allocation found

((2,), (3, 4), (3, 5), (0, 1, 3), (0, 1, 4, 5))
No allocation found

((2,), (3, 4), (4, 5), (0, 1, 4), (0, 1, 3, 5))
No allocation found

((2,), (3, 5), (4, 5), (0, 1, 5), (0, 1, 3, 4))
No allocation found

((3,), (0, 1), (0, 2), (0, 4, 5), (1, 2, 4, 5))
No allocation found

((3,), (0, 1), (0, 4), (0, 2, 5), (1, 2, 4, 5))
No allocation found

((3,), (0, 1), (0, 5), (0, 2, 4), (1, 2, 4, 5))
No allocation found

((3,), (0, 1), (1, 2), (1, 4, 5), (0, 2, 4, 5))
No allocation found

((3,), (0, 1), (1, 4), (1, 2, 5), (0, 2, 4, 5))
No allocation found

((3,), (0, 1), (1, 5), (1, 2, 4), (0, 2, 4, 5))
No allocation found

((3,), (0, 2), (0, 4), (0, 1, 5), (1, 2, 4, 5))
No allocation found

((3,), (0, 2), (0, 5), (0, 1, 4), (1, 2, 4, 5))
No allocation found

((3,), (0, 2), (1, 2), (2, 4, 5), (0, 1, 4, 5))
No allocation found

((3,), (0, 2), (2, 4), (1, 2, 5), (0, 1, 4, 5))
No allocation found

((3,), (0, 2), (2, 5), (1, 2, 4), (0, 1, 4, 5))
No allocation found

((3,), (0, 4), (0, 5), (0, 1, 2), (1, 2, 4, 5))
No allocation found

((3,), (0, 4), (1, 4), (2, 4, 5), (0, 1, 2, 5))
No allocation found

((3,), (0, 4), (2, 4), (1, 4, 5), (0, 1, 2, 5))
No allocation found

((3,), (0, 4), (4, 5), (1, 2, 4), (0, 1, 2, 5))
No allocation found

((3,), (0, 5), (1, 5), (2, 4, 5), (0, 1, 2, 4))
No allocation found

((3,), (0, 5), (2, 5), (1, 4, 5), (0, 1, 2, 4))
No allocation found

((3,), (0, 5), (4, 5), (1, 2, 5), (0, 1, 2, 4))
No allocation found

((3,), (1, 2), (1, 4), (0, 1, 5), (0, 2, 4, 5))
No allocation found

((3,), (1, 2), (1, 5), (0, 1, 4), (0, 2, 4, 5))
No allocation found

((3,), (1, 2), (2, 4), (0, 2, 5), (0, 1, 4, 5))
No allocation found

((3,), (1, 2), (2, 5), (0, 2, 4), (0, 1, 4, 5))
No allocation found

((3,), (1, 4), (1, 5), (0, 1, 2), (0, 2, 4, 5))
No allocation found

((3,), (1, 4), (2, 4), (0, 4, 5), (0, 1, 2, 5))
No allocation found

((3,), (1, 4), (4, 5), (0, 2, 4), (0, 1, 2, 5))
No allocation found

((3,), (1, 5), (2, 5), (0, 4, 5), (0, 1, 2, 4))
No allocation found

((3,), (1, 5), (4, 5), (0, 2, 5), (0, 1, 2, 4))
No allocation found

((3,), (2, 4), (2, 5), (0, 1, 2), (0, 1, 4, 5))
No allocation found

((3,), (2, 4), (4, 5), (0, 1, 4), (0, 1, 2, 5))
No allocation found

((3,), (2, 5), (4, 5), (0, 1, 5), (0, 1, 2, 4))
No allocation found

((4,), (0, 1), (0, 2), (0, 3, 5), (1, 2, 3, 5))
No allocation found

((4,), (0, 1), (0, 3), (0, 2, 5), (1, 2, 3, 5))
No allocation found

((4,), (0, 1), (0, 5), (0, 2, 3), (1, 2, 3, 5))
No allocation found

((4,), (0, 1), (1, 2), (1, 3, 5), (0, 2, 3, 5))
No allocation found

((4,), (0, 1), (1, 3), (1, 2, 5), (0, 2, 3, 5))
No allocation found

((4,), (0, 1), (1, 5), (1, 2, 3), (0, 2, 3, 5))
No allocation found

((4,), (0, 2), (0, 3), (0, 1, 5), (1, 2, 3, 5))
No allocation found

((4,), (0, 2), (0, 5), (0, 1, 3), (1, 2, 3, 5))
No allocation found

((4,), (0, 2), (1, 2), (2, 3, 5), (0, 1, 3, 5))
No allocation found

((4,), (0, 2), (2, 3), (1, 2, 5), (0, 1, 3, 5))
No allocation found

((4,), (0, 2), (2, 5), (1, 2, 3), (0, 1, 3, 5))
No allocation found

((4,), (0, 3), (0, 5), (0, 1, 2), (1, 2, 3, 5))
No allocation found

((4,), (0, 3), (1, 3), (2, 3, 5), (0, 1, 2, 5))
No allocation found

((4,), (0, 3), (2, 3), (1, 3, 5), (0, 1, 2, 5))
No allocation found

((4,), (0, 3), (3, 5), (1, 2, 3), (0, 1, 2, 5))
No allocation found

((4,), (0, 5), (1, 5), (2, 3, 5), (0, 1, 2, 3))
No allocation found

((4,), (0, 5), (2, 5), (1, 3, 5), (0, 1, 2, 3))
No allocation found

((4,), (0, 5), (3, 5), (1, 2, 5), (0, 1, 2, 3))
No allocation found

((4,), (1, 2), (1, 3), (0, 1, 5), (0, 2, 3, 5))
No allocation found

((4,), (1, 2), (1, 5), (0, 1, 3), (0, 2, 3, 5))
No allocation found

((4,), (1, 2), (2, 3), (0, 2, 5), (0, 1, 3, 5))
No allocation found

((4,), (1, 2), (2, 5), (0, 2, 3), (0, 1, 3, 5))
No allocation found

((4,), (1, 3), (1, 5), (0, 1, 2), (0, 2, 3, 5))
No allocation found

((4,), (1, 3), (2, 3), (0, 3, 5), (0, 1, 2, 5))
No allocation found

((4,), (1, 3), (3, 5), (0, 2, 3), (0, 1, 2, 5))
No allocation found

((4,), (1, 5), (2, 5), (0, 3, 5), (0, 1, 2, 3))
No allocation found

((4,), (1, 5), (3, 5), (0, 2, 5), (0, 1, 2, 3))
No allocation found

((4,), (2, 3), (2, 5), (0, 1, 2), (0, 1, 3, 5))
No allocation found

((4,), (2, 3), (3, 5), (0, 1, 3), (0, 1, 2, 5))
No allocation found

((4,), (2, 5), (3, 5), (0, 1, 5), (0, 1, 2, 3))
No allocation found

((5,), (0, 1), (0, 2), (0, 3, 4), (1, 2, 3, 4))
No allocation found

((5,), (0, 1), (0, 3), (0, 2, 4), (1, 2, 3, 4))
No allocation found

((5,), (0, 1), (0, 4), (0, 2, 3), (1, 2, 3, 4))
No allocation found

((5,), (0, 1), (1, 2), (1, 3, 4), (0, 2, 3, 4))
No allocation found

((5,), (0, 1), (1, 3), (1, 2, 4), (0, 2, 3, 4))
No allocation found

((5,), (0, 1), (1, 4), (1, 2, 3), (0, 2, 3, 4))
No allocation found

((5,), (0, 2), (0, 3), (0, 1, 4), (1, 2, 3, 4))
No allocation found

((5,), (0, 2), (0, 4), (0, 1, 3), (1, 2, 3, 4))
No allocation found

((5,), (0, 2), (1, 2), (2, 3, 4), (0, 1, 3, 4))
No allocation found

((5,), (0, 2), (2, 3), (1, 2, 4), (0, 1, 3, 4))
No allocation found

((5,), (0, 2), (2, 4), (1, 2, 3), (0, 1, 3, 4))
No allocation found

((5,), (0, 3), (0, 4), (0, 1, 2), (1, 2, 3, 4))
No allocation found

((5,), (0, 3), (1, 3), (2, 3, 4), (0, 1, 2, 4))
No allocation found

((5,), (0, 3), (2, 3), (1, 3, 4), (0, 1, 2, 4))
No allocation found

((5,), (0, 3), (3, 4), (1, 2, 3), (0, 1, 2, 4))
No allocation found

((5,), (0, 4), (1, 4), (2, 3, 4), (0, 1, 2, 3))
No allocation found

((5,), (0, 4), (2, 4), (1, 3, 4), (0, 1, 2, 3))
No allocation found

((5,), (0, 4), (3, 4), (1, 2, 4), (0, 1, 2, 3))
No allocation found

((5,), (1, 2), (1, 3), (0, 1, 4), (0, 2, 3, 4))
No allocation found

((5,), (1, 2), (1, 4), (0, 1, 3), (0, 2, 3, 4))
No allocation found

((5,), (1, 2), (2, 3), (0, 2, 4), (0, 1, 3, 4))
No allocation found

((5,), (1, 2), (2, 4), (0, 2, 3), (0, 1, 3, 4))
No allocation found

((5,), (1, 3), (1, 4), (0, 1, 2), (0, 2, 3, 4))
No allocation found

((5,), (1, 3), (2, 3), (0, 3, 4), (0, 1, 2, 4))
No allocation found

((5,), (1, 3), (3, 4), (0, 2, 3), (0, 1, 2, 4))
No allocation found

((5,), (1, 4), (2, 4), (0, 3, 4), (0, 1, 2, 3))
No allocation found

((5,), (1, 4), (3, 4), (0, 2, 4), (0, 1, 2, 3))
No allocation found

((5,), (2, 3), (2, 4), (0, 1, 2), (0, 1, 3, 4))
No allocation found

((5,), (2, 3), (3, 4), (0, 1, 3), (0, 1, 2, 4))
No allocation found

((5,), (2, 4), (3, 4), (0, 1, 4), (0, 1, 2, 3))
No allocation found

((0, 1), (0, 2), (0, 3), (1, 2), (3, 4, 5))
No allocation found

((0, 1), (0, 2), (0, 3), (1, 3), (2, 4, 5))
No allocation found

((0, 1), (0, 2), (0, 3), (2, 3), (1, 4, 5))
No allocation found

((0, 1), (0, 2), (0, 3), (4, 5), (1, 2, 3))
No allocation found

((0, 1), (0, 2), (0, 3), (0, 4, 5), (1, 2, 3))
No allocation found

((0, 1), (0, 2), (0, 3), (0, 4, 5), (1, 2, 3, 4, 5))
No allocation found

((0, 1), (0, 2), (0, 3), (1, 2, 3), (1, 4, 5))
No allocation found

((0, 1), (0, 2), (0, 3), (1, 2, 3), (2, 4, 5))
No allocation found

((0, 1), (0, 2), (0, 3), (1, 2, 3), (3, 4, 5))
No allocation found

((0, 1), (0, 2), (0, 4), (1, 2), (3, 4, 5))
No allocation found

((0, 1), (0, 2), (0, 4), (1, 4), (2, 3, 5))
No allocation found

((0, 1), (0, 2), (0, 4), (2, 4), (1, 3, 5))
No allocation found

((0, 1), (0, 2), (0, 4), (3, 5), (1, 2, 4))
No allocation found

((0, 1), (0, 2), (0, 4), (0, 3, 5), (1, 2, 4))
No allocation found

((0, 1), (0, 2), (0, 4), (0, 3, 5), (1, 2, 3, 4, 5))
No allocation found

((0, 1), (0, 2), (0, 4), (1, 2, 4), (1, 3, 5))
No allocation found

((0, 1), (0, 2), (0, 4), (1, 2, 4), (2, 3, 5))
No allocation found

((0, 1), (0, 2), (0, 4), (1, 2, 4), (3, 4, 5))
No allocation found

((0, 1), (0, 2), (0, 5), (1, 2), (3, 4, 5))
No allocation found

((0, 1), (0, 2), (0, 5), (1, 5), (2, 3, 4))
No allocation found

((0, 1), (0, 2), (0, 5), (2, 5), (1, 3, 4))
No allocation found

((0, 1), (0, 2), (0, 5), (3, 4), (1, 2, 5))
No allocation found

((0, 1), (0, 2), (0, 5), (0, 3, 4), (1, 2, 5))
No allocation found

((0, 1), (0, 2), (0, 5), (0, 3, 4), (1, 2, 3, 4, 5))
No allocation found

((0, 1), (0, 2), (0, 5), (1, 2, 5), (1, 3, 4))
No allocation found

((0, 1), (0, 2), (0, 5), (1, 2, 5), (2, 3, 4))
No allocation found

((0, 1), (0, 2), (0, 5), (1, 2, 5), (3, 4, 5))
No allocation found

((0, 1), (0, 2), (1, 2), (1, 3), (3, 4, 5))
No allocation found

((0, 1), (0, 2), (1, 2), (1, 4), (3, 4, 5))
No allocation found

((0, 1), (0, 2), (1, 2), (1, 5), (3, 4, 5))
No allocation found

((0, 1), (0, 2), (1, 2), (2, 3), (3, 4, 5))
No allocation found

((0, 1), (0, 2), (1, 2), (2, 4), (3, 4, 5))
No allocation found

((0, 1), (0, 2), (1, 2), (2, 5), (3, 4, 5))
No allocation found

((0, 1), (0, 2), (1, 2), (0, 3, 4), (3, 4, 5))
No allocation found

((0, 1), (0, 2), (1, 2), (0, 3, 5), (3, 4, 5))
No allocation found

((0, 1), (0, 2), (1, 2), (0, 4, 5), (3, 4, 5))
No allocation found

((0, 1), (0, 2), (1, 2), (1, 3, 4), (3, 4, 5))
No allocation found

((0, 1), (0, 2), (1, 2), (1, 3, 5), (3, 4, 5))
No allocation found

((0, 1), (0, 2), (1, 2), (1, 4, 5), (3, 4, 5))
No allocation found

((0, 1), (0, 2), (1, 2), (2, 3, 4), (3, 4, 5))
No allocation found

((0, 1), (0, 2), (1, 2), (2, 3, 5), (3, 4, 5))
No allocation found

((0, 1), (0, 2), (1, 2), (2, 4, 5), (3, 4, 5))
No allocation found

((0, 1), (0, 2), (1, 3), (2, 4, 5), (0, 3, 4, 5))
No allocation found

((0, 1), (0, 2), (1, 3), (3, 4, 5), (1, 2, 4, 5))
No allocation found

((0, 1), (0, 2), (1, 4), (2, 3, 5), (0, 3, 4, 5))
No allocation found

((0, 1), (0, 2), (1, 4), (3, 4, 5), (1, 2, 3, 5))
No allocation found

((0, 1), (0, 2), (1, 5), (2, 3, 4), (0, 3, 4, 5))
No allocation found

((0, 1), (0, 2), (1, 5), (3, 4, 5), (1, 2, 3, 4))
No allocation found

((0, 1), (0, 2), (2, 3), (1, 4, 5), (0, 3, 4, 5))
No allocation found

((0, 1), (0, 2), (2, 3), (3, 4, 5), (1, 2, 4, 5))
No allocation found

((0, 1), (0, 2), (2, 4), (1, 3, 5), (0, 3, 4, 5))
No allocation found

((0, 1), (0, 2), (2, 4), (3, 4, 5), (1, 2, 3, 5))
No allocation found

((0, 1), (0, 2), (2, 5), (1, 3, 4), (0, 3, 4, 5))
No allocation found

((0, 1), (0, 2), (2, 5), (3, 4, 5), (1, 2, 3, 4))
No allocation found

((0, 1), (0, 2), (0, 3, 4), (1, 2, 5), (1, 2, 3, 4))
No allocation found

((0, 1), (0, 2), (0, 3, 4), (3, 4, 5), (1, 2, 3, 4))
No allocation found

((0, 1), (0, 2), (0, 3, 5), (1, 2, 4), (1, 2, 3, 5))
No allocation found

((0, 1), (0, 2), (0, 3, 5), (3, 4, 5), (1, 2, 3, 5))
No allocation found

((0, 1), (0, 2), (0, 4, 5), (1, 2, 3), (1, 2, 4, 5))
No allocation found

((0, 1), (0, 2), (0, 4, 5), (3, 4, 5), (1, 2, 4, 5))
No allocation found

((0, 1), (0, 2), (1, 2, 3), (1, 4, 5), (0, 3, 4, 5))
No allocation found

((0, 1), (0, 2), (1, 2, 3), (2, 4, 5), (0, 3, 4, 5))
No allocation found

((0, 1), (0, 2), (1, 2, 3), (3, 4, 5), (1, 2, 4, 5))
No allocation found

((0, 1), (0, 2), (1, 2, 3), (0, 3, 4, 5), (1, 2, 4, 5))
No allocation found

((0, 1), (0, 2), (1, 2, 4), (1, 3, 5), (0, 3, 4, 5))
No allocation found

((0, 1), (0, 2), (1, 2, 4), (2, 3, 5), (0, 3, 4, 5))
No allocation found

((0, 1), (0, 2), (1, 2, 4), (3, 4, 5), (1, 2, 3, 5))
No allocation found

((0, 1), (0, 2), (1, 2, 4), (0, 3, 4, 5), (1, 2, 3, 5))
No allocation found

((0, 1), (0, 2), (1, 2, 5), (1, 3, 4), (0, 3, 4, 5))
No allocation found

((0, 1), (0, 2), (1, 2, 5), (2, 3, 4), (0, 3, 4, 5))
No allocation found

((0, 1), (0, 2), (1, 2, 5), (3, 4, 5), (1, 2, 3, 4))
No allocation found

((0, 1), (0, 2), (1, 2, 5), (0, 3, 4, 5), (1, 2, 3, 4))
No allocation found

((0, 1), (0, 3), (0, 4), (1, 3), (2, 4, 5))
No allocation found

((0, 1), (0, 3), (0, 4), (1, 4), (2, 3, 5))
No allocation found

((0, 1), (0, 3), (0, 4), (2, 5), (1, 3, 4))
No allocation found

((0, 1), (0, 3), (0, 4), (3, 4), (1, 2, 5))
No allocation found

((0, 1), (0, 3), (0, 4), (0, 2, 5), (1, 3, 4))
No allocation found

((0, 1), (0, 3), (0, 4), (0, 2, 5), (1, 2, 3, 4, 5))
No allocation found

((0, 1), (0, 3), (0, 4), (1, 2, 5), (1, 3, 4))
No allocation found

((0, 1), (0, 3), (0, 4), (1, 3, 4), (2, 3, 5))
No allocation found

((0, 1), (0, 3), (0, 4), (1, 3, 4), (2, 4, 5))
No allocation found

((0, 1), (0, 3), (0, 5), (1, 3), (2, 4, 5))
No allocation found

((0, 1), (0, 3), (0, 5), (1, 5), (2, 3, 4))
No allocation found

((0, 1), (0, 3), (0, 5), (2, 4), (1, 3, 5))
No allocation found

((0, 1), (0, 3), (0, 5), (3, 5), (1, 2, 4))
No allocation found

((0, 1), (0, 3), (0, 5), (0, 2, 4), (1, 3, 5))
No allocation found

((0, 1), (0, 3), (0, 5), (0, 2, 4), (1, 2, 3, 4, 5))
No allocation found

((0, 1), (0, 3), (0, 5), (1, 2, 4), (1, 3, 5))
No allocation found

((0, 1), (0, 3), (0, 5), (1, 3, 5), (2, 3, 4))
No allocation found

((0, 1), (0, 3), (0, 5), (1, 3, 5), (2, 4, 5))
No allocation found

((0, 1), (0, 3), (1, 2), (1, 3), (2, 4, 5))
No allocation found

((0, 1), (0, 3), (1, 2), (2, 4, 5), (1, 3, 4, 5))
No allocation found

((0, 1), (0, 3), (1, 2), (3, 4, 5), (0, 2, 4, 5))
No allocation found

((0, 1), (0, 3), (1, 3), (1, 4), (2, 4, 5))
No allocation found

((0, 1), (0, 3), (1, 3), (1, 5), (2, 4, 5))
No allocation found

((0, 1), (0, 3), (1, 3), (2, 3), (2, 4, 5))
No allocation found

((0, 1), (0, 3), (1, 3), (3, 4), (2, 4, 5))
No allocation found

((0, 1), (0, 3), (1, 3), (3, 5), (2, 4, 5))
No allocation found

((0, 1), (0, 3), (1, 3), (0, 2, 4), (2, 4, 5))
No allocation found

((0, 1), (0, 3), (1, 3), (0, 2, 5), (2, 4, 5))
No allocation found

((0, 1), (0, 3), (1, 3), (0, 4, 5), (2, 4, 5))
No allocation found

((0, 1), (0, 3), (1, 3), (1, 2, 4), (2, 4, 5))
No allocation found

((0, 1), (0, 3), (1, 3), (1, 2, 5), (2, 4, 5))
No allocation found

((0, 1), (0, 3), (1, 3), (1, 4, 5), (2, 4, 5))
No allocation found

((0, 1), (0, 3), (1, 3), (2, 3, 4), (2, 4, 5))
No allocation found

((0, 1), (0, 3), (1, 3), (2, 3, 5), (2, 4, 5))
No allocation found

((0, 1), (0, 3), (1, 3), (2, 4, 5), (3, 4, 5))
No allocation found

((0, 1), (0, 3), (1, 4), (2, 3, 5), (0, 2, 4, 5))
No allocation found

((0, 1), (0, 3), (1, 4), (2, 4, 5), (1, 2, 3, 5))
No allocation found

((0, 1), (0, 3), (1, 5), (2, 3, 4), (0, 2, 4, 5))
No allocation found

((0, 1), (0, 3), (1, 5), (2, 4, 5), (1, 2, 3, 4))
No allocation found

((0, 1), (0, 3), (2, 3), (1, 4, 5), (0, 2, 4, 5))
No allocation found

((0, 1), (0, 3), (2, 3), (2, 4, 5), (1, 3, 4, 5))
No allocation found

((0, 1), (0, 3), (3, 4), (1, 2, 5), (0, 2, 4, 5))
No allocation found

((0, 1), (0, 3), (3, 4), (2, 4, 5), (1, 2, 3, 5))
No allocation found

((0, 1), (0, 3), (3, 5), (1, 2, 4), (0, 2, 4, 5))
No allocation found

((0, 1), (0, 3), (3, 5), (2, 4, 5), (1, 2, 3, 4))
No allocation found

((0, 1), (0, 3), (0, 2, 4), (1, 3, 5), (1, 2, 3, 4))
No allocation found

((0, 1), (0, 3), (0, 2, 4), (2, 4, 5), (1, 2, 3, 4))
No allocation found

((0, 1), (0, 3), (0, 2, 5), (1, 3, 4), (1, 2, 3, 5))
No allocation found

((0, 1), (0, 3), (0, 2, 5), (2, 4, 5), (1, 2, 3, 5))
No allocation found

((0, 1), (0, 3), (0, 4, 5), (1, 2, 3), (1, 3, 4, 5))
No allocation found

((0, 1), (0, 3), (0, 4, 5), (2, 4, 5), (1, 3, 4, 5))
No allocation found

((0, 1), (0, 3), (1, 2, 3), (1, 4, 5), (0, 2, 4, 5))
No allocation found

((0, 1), (0, 3), (1, 2, 3), (2, 4, 5), (1, 3, 4, 5))
No allocation found

((0, 1), (0, 3), (1, 2, 3), (3, 4, 5), (0, 2, 4, 5))
No allocation found

((0, 1), (0, 3), (1, 2, 3), (0, 2, 4, 5), (1, 3, 4, 5))
No allocation found

((0, 1), (0, 3), (1, 2, 4), (1, 3, 5), (0, 2, 4, 5))
No allocation found

((0, 1), (0, 3), (1, 2, 5), (1, 3, 4), (0, 2, 4, 5))
No allocation found

((0, 1), (0, 3), (1, 3, 4), (2, 3, 5), (0, 2, 4, 5))
No allocation found

((0, 1), (0, 3), (1, 3, 4), (2, 4, 5), (1, 2, 3, 5))
No allocation found

((0, 1), (0, 3), (1, 3, 4), (0, 2, 4, 5), (1, 2, 3, 5))
No allocation found

((0, 1), (0, 3), (1, 3, 5), (2, 3, 4), (0, 2, 4, 5))
No allocation found

((0, 1), (0, 3), (1, 3, 5), (2, 4, 5), (1, 2, 3, 4))
No allocation found

((0, 1), (0, 3), (1, 3, 5), (0, 2, 4, 5), (1, 2, 3, 4))
No allocation found

((0, 1), (0, 4), (0, 5), (1, 4), (2, 3, 5))
No allocation found

((0, 1), (0, 4), (0, 5), (1, 5), (2, 3, 4))
No allocation found

((0, 1), (0, 4), (0, 5), (2, 3), (1, 4, 5))
No allocation found

((0, 1), (0, 4), (0, 5), (4, 5), (1, 2, 3))
No allocation found

((0, 1), (0, 4), (0, 5), (0, 2, 3), (1, 4, 5))
No allocation found

((0, 1), (0, 4), (0, 5), (0, 2, 3), (1, 2, 3, 4, 5))
No allocation found

((0, 1), (0, 4), (0, 5), (1, 2, 3), (1, 4, 5))
No allocation found

((0, 1), (0, 4), (0, 5), (1, 4, 5), (2, 3, 4))
No allocation found

((0, 1), (0, 4), (0, 5), (1, 4, 5), (2, 3, 5))
No allocation found

((0, 1), (0, 4), (1, 2), (1, 4), (2, 3, 5))
No allocation found

((0, 1), (0, 4), (1, 2), (2, 3, 5), (1, 3, 4, 5))
No allocation found

((0, 1), (0, 4), (1, 2), (3, 4, 5), (0, 2, 3, 5))
No allocation found

((0, 1), (0, 4), (1, 3), (1, 4), (2, 3, 5))
No allocation found

((0, 1), (0, 4), (1, 3), (2, 3, 5), (1, 2, 4, 5))
No allocation found

((0, 1), (0, 4), (1, 3), (2, 4, 5), (0, 2, 3, 5))
No allocation found

((0, 1), (0, 4), (1, 4), (1, 5), (2, 3, 5))
No allocation found

((0, 1), (0, 4), (1, 4), (2, 4), (2, 3, 5))
No allocation found

((0, 1), (0, 4), (1, 4), (3, 4), (2, 3, 5))
No allocation found

((0, 1), (0, 4), (1, 4), (4, 5), (2, 3, 5))
No allocation found

((0, 1), (0, 4), (1, 4), (0, 2, 3), (2, 3, 5))
No allocation found

((0, 1), (0, 4), (1, 4), (0, 2, 5), (2, 3, 5))
No allocation found

((0, 1), (0, 4), (1, 4), (0, 3, 5), (2, 3, 5))
No allocation found

((0, 1), (0, 4), (1, 4), (1, 2, 3), (2, 3, 5))
No allocation found

((0, 1), (0, 4), (1, 4), (1, 2, 5), (2, 3, 5))
No allocation found

((0, 1), (0, 4), (1, 4), (1, 3, 5), (2, 3, 5))
No allocation found

((0, 1), (0, 4), (1, 4), (2, 3, 4), (2, 3, 5))
No allocation found

((0, 1), (0, 4), (1, 4), (2, 3, 5), (2, 4, 5))
No allocation found

((0, 1), (0, 4), (1, 4), (2, 3, 5), (3, 4, 5))
No allocation found

((0, 1), (0, 4), (1, 5), (2, 3, 4), (0, 2, 3, 5))
No allocation found

((0, 1), (0, 4), (1, 5), (2, 3, 5), (1, 2, 3, 4))
No allocation found

((0, 1), (0, 4), (2, 4), (1, 3, 5), (0, 2, 3, 5))
No allocation found

((0, 1), (0, 4), (2, 4), (2, 3, 5), (1, 3, 4, 5))
No allocation found

((0, 1), (0, 4), (3, 4), (1, 2, 5), (0, 2, 3, 5))
No allocation found

((0, 1), (0, 4), (3, 4), (2, 3, 5), (1, 2, 4, 5))
No allocation found

((0, 1), (0, 4), (4, 5), (1, 2, 3), (0, 2, 3, 5))
No allocation found

((0, 1), (0, 4), (4, 5), (2, 3, 5), (1, 2, 3, 4))
No allocation found

((0, 1), (0, 4), (0, 2, 3), (1, 4, 5), (1, 2, 3, 4))
No allocation found

((0, 1), (0, 4), (0, 2, 3), (2, 3, 5), (1, 2, 3, 4))
No allocation found

((0, 1), (0, 4), (0, 2, 5), (1, 3, 4), (1, 2, 4, 5))
No allocation found

((0, 1), (0, 4), (0, 2, 5), (2, 3, 5), (1, 2, 4, 5))
No allocation found

((0, 1), (0, 4), (0, 3, 5), (1, 2, 4), (1, 3, 4, 5))
No allocation found

((0, 1), (0, 4), (0, 3, 5), (2, 3, 5), (1, 3, 4, 5))
No allocation found

((0, 1), (0, 4), (1, 2, 3), (1, 4, 5), (0, 2, 3, 5))
No allocation found

((0, 1), (0, 4), (1, 2, 4), (1, 3, 5), (0, 2, 3, 5))
No allocation found

((0, 1), (0, 4), (1, 2, 4), (2, 3, 5), (1, 3, 4, 5))
No allocation found

((0, 1), (0, 4), (1, 2, 4), (3, 4, 5), (0, 2, 3, 5))
No allocation found

((0, 1), (0, 4), (1, 2, 4), (0, 2, 3, 5), (1, 3, 4, 5))
No allocation found

((0, 1), (0, 4), (1, 2, 5), (1, 3, 4), (0, 2, 3, 5))
No allocation found

((0, 1), (0, 4), (1, 3, 4), (2, 3, 5), (1, 2, 4, 5))
No allocation found

((0, 1), (0, 4), (1, 3, 4), (2, 4, 5), (0, 2, 3, 5))
No allocation found

((0, 1), (0, 4), (1, 3, 4), (0, 2, 3, 5), (1, 2, 4, 5))
No allocation found

((0, 1), (0, 4), (1, 4, 5), (2, 3, 4), (0, 2, 3, 5))
No allocation found

((0, 1), (0, 4), (1, 4, 5), (2, 3, 5), (1, 2, 3, 4))
No allocation found

((0, 1), (0, 4), (1, 4, 5), (0, 2, 3, 5), (1, 2, 3, 4))
No allocation found

((0, 1), (0, 5), (1, 2), (1, 5), (2, 3, 4))
No allocation found

((0, 1), (0, 5), (1, 2), (2, 3, 4), (1, 3, 4, 5))
No allocation found

((0, 1), (0, 5), (1, 2), (3, 4, 5), (0, 2, 3, 4))
No allocation found

((0, 1), (0, 5), (1, 3), (1, 5), (2, 3, 4))
No allocation found

((0, 1), (0, 5), (1, 3), (2, 3, 4), (1, 2, 4, 5))
No allocation found

((0, 1), (0, 5), (1, 3), (2, 4, 5), (0, 2, 3, 4))
No allocation found

((0, 1), (0, 5), (1, 4), (1, 5), (2, 3, 4))
No allocation found

((0, 1), (0, 5), (1, 4), (2, 3, 4), (1, 2, 3, 5))
No allocation found

((0, 1), (0, 5), (1, 4), (2, 3, 5), (0, 2, 3, 4))
No allocation found

((0, 1), (0, 5), (1, 5), (2, 5), (2, 3, 4))
No allocation found

((0, 1), (0, 5), (1, 5), (3, 5), (2, 3, 4))
No allocation found

((0, 1), (0, 5), (1, 5), (4, 5), (2, 3, 4))
No allocation found

((0, 1), (0, 5), (1, 5), (0, 2, 3), (2, 3, 4))
No allocation found

((0, 1), (0, 5), (1, 5), (0, 2, 4), (2, 3, 4))
No allocation found

((0, 1), (0, 5), (1, 5), (0, 3, 4), (2, 3, 4))
No allocation found

((0, 1), (0, 5), (1, 5), (1, 2, 3), (2, 3, 4))
No allocation found

((0, 1), (0, 5), (1, 5), (1, 2, 4), (2, 3, 4))
No allocation found

((0, 1), (0, 5), (1, 5), (1, 3, 4), (2, 3, 4))
No allocation found

((0, 1), (0, 5), (1, 5), (2, 3, 4), (2, 3, 5))
No allocation found

((0, 1), (0, 5), (1, 5), (2, 3, 4), (2, 4, 5))
No allocation found

((0, 1), (0, 5), (1, 5), (2, 3, 4), (3, 4, 5))
No allocation found

((0, 1), (0, 5), (2, 5), (1, 3, 4), (0, 2, 3, 4))
No allocation found

((0, 1), (0, 5), (2, 5), (2, 3, 4), (1, 3, 4, 5))
No allocation found

((0, 1), (0, 5), (3, 5), (1, 2, 4), (0, 2, 3, 4))
No allocation found

((0, 1), (0, 5), (3, 5), (2, 3, 4), (1, 2, 4, 5))
No allocation found

((0, 1), (0, 5), (4, 5), (1, 2, 3), (0, 2, 3, 4))
No allocation found

((0, 1), (0, 5), (4, 5), (2, 3, 4), (1, 2, 3, 5))
No allocation found

((0, 1), (0, 5), (0, 2, 3), (1, 4, 5), (1, 2, 3, 5))
No allocation found

((0, 1), (0, 5), (0, 2, 3), (2, 3, 4), (1, 2, 3, 5))
No allocation found

((0, 1), (0, 5), (0, 2, 4), (1, 3, 5), (1, 2, 4, 5))
No allocation found

((0, 1), (0, 5), (0, 2, 4), (2, 3, 4), (1, 2, 4, 5))
No allocation found

((0, 1), (0, 5), (0, 3, 4), (1, 2, 5), (1, 3, 4, 5))
No allocation found

((0, 1), (0, 5), (0, 3, 4), (2, 3, 4), (1, 3, 4, 5))
No allocation found

((0, 1), (0, 5), (1, 2, 3), (1, 4, 5), (0, 2, 3, 4))
No allocation found

((0, 1), (0, 5), (1, 2, 4), (1, 3, 5), (0, 2, 3, 4))
No allocation found

((0, 1), (0, 5), (1, 2, 5), (1, 3, 4), (0, 2, 3, 4))
No allocation found

((0, 1), (0, 5), (1, 2, 5), (2, 3, 4), (1, 3, 4, 5))
No allocation found

((0, 1), (0, 5), (1, 2, 5), (3, 4, 5), (0, 2, 3, 4))
No allocation found

((0, 1), (0, 5), (1, 2, 5), (0, 2, 3, 4), (1, 3, 4, 5))
No allocation found

((0, 1), (0, 5), (1, 3, 5), (2, 3, 4), (1, 2, 4, 5))
No allocation found

((0, 1), (0, 5), (1, 3, 5), (2, 4, 5), (0, 2, 3, 4))
No allocation found

((0, 1), (0, 5), (1, 3, 5), (0, 2, 3, 4), (1, 2, 4, 5))
No allocation found

((0, 1), (0, 5), (1, 4, 5), (2, 3, 4), (1, 2, 3, 5))
No allocation found

((0, 1), (0, 5), (1, 4, 5), (2, 3, 5), (0, 2, 3, 4))
No allocation found

((0, 1), (0, 5), (1, 4, 5), (0, 2, 3, 4), (1, 2, 3, 5))
No allocation found

((0, 1), (1, 2), (1, 3), (2, 3), (0, 4, 5))
No allocation found

((0, 1), (1, 2), (1, 3), (4, 5), (0, 2, 3))
No allocation found

((0, 1), (1, 2), (1, 3), (0, 2, 3), (0, 4, 5))
No allocation found

((0, 1), (1, 2), (1, 3), (0, 2, 3), (1, 4, 5))
No allocation found

((0, 1), (1, 2), (1, 3), (0, 2, 3), (2, 4, 5))
No allocation found

((0, 1), (1, 2), (1, 3), (0, 2, 3), (3, 4, 5))
No allocation found

((0, 1), (1, 2), (1, 3), (1, 4, 5), (0, 2, 3, 4, 5))
No allocation found

((0, 1), (1, 2), (1, 4), (2, 4), (0, 3, 5))
No allocation found

((0, 1), (1, 2), (1, 4), (3, 5), (0, 2, 4))
No allocation found

((0, 1), (1, 2), (1, 4), (0, 2, 4), (0, 3, 5))
No allocation found

((0, 1), (1, 2), (1, 4), (0, 2, 4), (1, 3, 5))
No allocation found

((0, 1), (1, 2), (1, 4), (0, 2, 4), (2, 3, 5))
No allocation found

((0, 1), (1, 2), (1, 4), (0, 2, 4), (3, 4, 5))
No allocation found

((0, 1), (1, 2), (1, 4), (1, 3, 5), (0, 2, 3, 4, 5))
No allocation found

((0, 1), (1, 2), (1, 5), (2, 5), (0, 3, 4))
No allocation found

((0, 1), (1, 2), (1, 5), (3, 4), (0, 2, 5))
No allocation found

((0, 1), (1, 2), (1, 5), (0, 2, 5), (0, 3, 4))
No allocation found

((0, 1), (1, 2), (1, 5), (0, 2, 5), (1, 3, 4))
No allocation found

((0, 1), (1, 2), (1, 5), (0, 2, 5), (2, 3, 4))
No allocation found

((0, 1), (1, 2), (1, 5), (0, 2, 5), (3, 4, 5))
No allocation found

((0, 1), (1, 2), (1, 5), (1, 3, 4), (0, 2, 3, 4, 5))
No allocation found

((0, 1), (1, 2), (2, 3), (0, 4, 5), (1, 3, 4, 5))
No allocation found

((0, 1), (1, 2), (2, 3), (3, 4, 5), (0, 2, 4, 5))
No allocation found

((0, 1), (1, 2), (2, 4), (0, 3, 5), (1, 3, 4, 5))
No allocation found

((0, 1), (1, 2), (2, 4), (3, 4, 5), (0, 2, 3, 5))
No allocation found

((0, 1), (1, 2), (2, 5), (0, 3, 4), (1, 3, 4, 5))
No allocation found

((0, 1), (1, 2), (2, 5), (3, 4, 5), (0, 2, 3, 4))
No allocation found

((0, 1), (1, 2), (0, 2, 3), (0, 4, 5), (1, 3, 4, 5))
No allocation found

((0, 1), (1, 2), (0, 2, 3), (1, 4, 5), (0, 2, 4, 5))
No allocation found

((0, 1), (1, 2), (0, 2, 3), (2, 4, 5), (1, 3, 4, 5))
No allocation found

((0, 1), (1, 2), (0, 2, 3), (3, 4, 5), (0, 2, 4, 5))
No allocation found

((0, 1), (1, 2), (0, 2, 3), (0, 2, 4, 5), (1, 3, 4, 5))
No allocation found

((0, 1), (1, 2), (0, 2, 4), (0, 3, 5), (1, 3, 4, 5))
No allocation found

((0, 1), (1, 2), (0, 2, 4), (1, 3, 5), (0, 2, 3, 5))
No allocation found

((0, 1), (1, 2), (0, 2, 4), (2, 3, 5), (1, 3, 4, 5))
No allocation found

((0, 1), (1, 2), (0, 2, 4), (3, 4, 5), (0, 2, 3, 5))
No allocation found

((0, 1), (1, 2), (0, 2, 4), (0, 2, 3, 5), (1, 3, 4, 5))
No allocation found

((0, 1), (1, 2), (0, 2, 5), (0, 3, 4), (1, 3, 4, 5))
No allocation found

((0, 1), (1, 2), (0, 2, 5), (1, 3, 4), (0, 2, 3, 4))
No allocation found

((0, 1), (1, 2), (0, 2, 5), (2, 3, 4), (1, 3, 4, 5))
No allocation found

((0, 1), (1, 2), (0, 2, 5), (3, 4, 5), (0, 2, 3, 4))
No allocation found

((0, 1), (1, 2), (0, 2, 5), (0, 2, 3, 4), (1, 3, 4, 5))
No allocation found

((0, 1), (1, 2), (1, 3, 4), (3, 4, 5), (0, 2, 3, 4))
No allocation found

((0, 1), (1, 2), (1, 3, 5), (3, 4, 5), (0, 2, 3, 5))
No allocation found

((0, 1), (1, 2), (1, 4, 5), (3, 4, 5), (0, 2, 4, 5))
No allocation found

((0, 1), (1, 3), (1, 4), (2, 5), (0, 3, 4))
No allocation found

((0, 1), (1, 3), (1, 4), (3, 4), (0, 2, 5))
No allocation found

((0, 1), (1, 3), (1, 4), (0, 2, 5), (0, 3, 4))
No allocation found

((0, 1), (1, 3), (1, 4), (0, 3, 4), (1, 2, 5))
No allocation found

((0, 1), (1, 3), (1, 4), (0, 3, 4), (2, 3, 5))
No allocation found

((0, 1), (1, 3), (1, 4), (0, 3, 4), (2, 4, 5))
No allocation found

((0, 1), (1, 3), (1, 4), (1, 2, 5), (0, 2, 3, 4, 5))
No allocation found

((0, 1), (1, 3), (1, 5), (2, 4), (0, 3, 5))
No allocation found

((0, 1), (1, 3), (1, 5), (3, 5), (0, 2, 4))
No allocation found

((0, 1), (1, 3), (1, 5), (0, 2, 4), (0, 3, 5))
No allocation found

((0, 1), (1, 3), (1, 5), (0, 3, 5), (1, 2, 4))
No allocation found

((0, 1), (1, 3), (1, 5), (0, 3, 5), (2, 3, 4))
No allocation found

((0, 1), (1, 3), (1, 5), (0, 3, 5), (2, 4, 5))
No allocation found

((0, 1), (1, 3), (1, 5), (1, 2, 4), (0, 2, 3, 4, 5))
No allocation found

((0, 1), (1, 3), (2, 3), (0, 4, 5), (1, 2, 4, 5))
No allocation found

((0, 1), (1, 3), (2, 3), (2, 4, 5), (0, 3, 4, 5))
No allocation found

((0, 1), (1, 3), (3, 4), (0, 2, 5), (1, 2, 4, 5))
No allocation found

((0, 1), (1, 3), (3, 4), (2, 4, 5), (0, 2, 3, 5))
No allocation found

((0, 1), (1, 3), (3, 5), (0, 2, 4), (1, 2, 4, 5))
No allocation found

((0, 1), (1, 3), (3, 5), (2, 4, 5), (0, 2, 3, 4))
No allocation found

((0, 1), (1, 3), (0, 2, 3), (0, 4, 5), (1, 2, 4, 5))
No allocation found

((0, 1), (1, 3), (0, 2, 3), (1, 4, 5), (0, 3, 4, 5))
No allocation found

((0, 1), (1, 3), (0, 2, 3), (2, 4, 5), (0, 3, 4, 5))
No allocation found

((0, 1), (1, 3), (0, 2, 3), (3, 4, 5), (1, 2, 4, 5))
No allocation found

((0, 1), (1, 3), (0, 2, 3), (0, 3, 4, 5), (1, 2, 4, 5))
No allocation found

((0, 1), (1, 3), (0, 2, 4), (0, 3, 5), (1, 2, 4, 5))
No allocation found

((0, 1), (1, 3), (0, 2, 5), (0, 3, 4), (1, 2, 4, 5))
No allocation found

((0, 1), (1, 3), (0, 3, 4), (1, 2, 5), (0, 2, 3, 5))
No allocation found

((0, 1), (1, 3), (0, 3, 4), (2, 3, 5), (1, 2, 4, 5))
No allocation found

((0, 1), (1, 3), (0, 3, 4), (2, 4, 5), (0, 2, 3, 5))
No allocation found

((0, 1), (1, 3), (0, 3, 4), (0, 2, 3, 5), (1, 2, 4, 5))
No allocation found

((0, 1), (1, 3), (0, 3, 5), (1, 2, 4), (0, 2, 3, 4))
No allocation found

((0, 1), (1, 3), (0, 3, 5), (2, 3, 4), (1, 2, 4, 5))
No allocation found

((0, 1), (1, 3), (0, 3, 5), (2, 4, 5), (0, 2, 3, 4))
No allocation found

((0, 1), (1, 3), (0, 3, 5), (0, 2, 3, 4), (1, 2, 4, 5))
No allocation found

((0, 1), (1, 3), (1, 2, 4), (2, 4, 5), (0, 2, 3, 4))
No allocation found

((0, 1), (1, 3), (1, 2, 5), (2, 4, 5), (0, 2, 3, 5))
No allocation found

((0, 1), (1, 3), (1, 4, 5), (2, 4, 5), (0, 3, 4, 5))
No allocation found

((0, 1), (1, 4), (1, 5), (2, 3), (0, 4, 5))
No allocation found

((0, 1), (1, 4), (1, 5), (4, 5), (0, 2, 3))
No allocation found

((0, 1), (1, 4), (1, 5), (0, 2, 3), (0, 4, 5))
No allocation found

((0, 1), (1, 4), (1, 5), (0, 4, 5), (1, 2, 3))
No allocation found

((0, 1), (1, 4), (1, 5), (0, 4, 5), (2, 3, 4))
No allocation found

((0, 1), (1, 4), (1, 5), (0, 4, 5), (2, 3, 5))
No allocation found

((0, 1), (1, 4), (1, 5), (1, 2, 3), (0, 2, 3, 4, 5))
No allocation found

((0, 1), (1, 4), (2, 4), (0, 3, 5), (1, 2, 3, 5))
No allocation found

((0, 1), (1, 4), (2, 4), (2, 3, 5), (0, 3, 4, 5))
No allocation found

((0, 1), (1, 4), (3, 4), (0, 2, 5), (1, 2, 3, 5))
No allocation found

((0, 1), (1, 4), (3, 4), (2, 3, 5), (0, 2, 4, 5))
No allocation found

((0, 1), (1, 4), (4, 5), (0, 2, 3), (1, 2, 3, 5))
No allocation found

((0, 1), (1, 4), (4, 5), (2, 3, 5), (0, 2, 3, 4))
No allocation found

((0, 1), (1, 4), (0, 2, 3), (0, 4, 5), (1, 2, 3, 5))
No allocation found

((0, 1), (1, 4), (0, 2, 4), (0, 3, 5), (1, 2, 3, 5))
No allocation found

((0, 1), (1, 4), (0, 2, 4), (1, 3, 5), (0, 3, 4, 5))
No allocation found

((0, 1), (1, 4), (0, 2, 4), (2, 3, 5), (0, 3, 4, 5))
No allocation found

((0, 1), (1, 4), (0, 2, 4), (3, 4, 5), (1, 2, 3, 5))
No allocation found

((0, 1), (1, 4), (0, 2, 4), (0, 3, 4, 5), (1, 2, 3, 5))
No allocation found

((0, 1), (1, 4), (0, 2, 5), (0, 3, 4), (1, 2, 3, 5))
No allocation found

((0, 1), (1, 4), (0, 3, 4), (1, 2, 5), (0, 2, 4, 5))
No allocation found

((0, 1), (1, 4), (0, 3, 4), (2, 3, 5), (0, 2, 4, 5))
No allocation found

((0, 1), (1, 4), (0, 3, 4), (2, 4, 5), (1, 2, 3, 5))
No allocation found

((0, 1), (1, 4), (0, 3, 4), (0, 2, 4, 5), (1, 2, 3, 5))
No allocation found

((0, 1), (1, 4), (0, 4, 5), (1, 2, 3), (0, 2, 3, 4))
No allocation found

((0, 1), (1, 4), (0, 4, 5), (2, 3, 4), (1, 2, 3, 5))
No allocation found

((0, 1), (1, 4), (0, 4, 5), (2, 3, 5), (0, 2, 3, 4))
No allocation found

((0, 1), (1, 4), (0, 4, 5), (0, 2, 3, 4), (1, 2, 3, 5))
No allocation found

((0, 1), (1, 4), (1, 2, 3), (2, 3, 5), (0, 2, 3, 4))
No allocation found

((0, 1), (1, 4), (1, 2, 5), (2, 3, 5), (0, 2, 4, 5))
No allocation found

((0, 1), (1, 4), (1, 3, 5), (2, 3, 5), (0, 3, 4, 5))
No allocation found

((0, 1), (1, 5), (2, 5), (0, 3, 4), (1, 2, 3, 4))
No allocation found

((0, 1), (1, 5), (2, 5), (2, 3, 4), (0, 3, 4, 5))
No allocation found

((0, 1), (1, 5), (3, 5), (0, 2, 4), (1, 2, 3, 4))
No allocation found

((0, 1), (1, 5), (3, 5), (2, 3, 4), (0, 2, 4, 5))
No allocation found

((0, 1), (1, 5), (4, 5), (0, 2, 3), (1, 2, 3, 4))
No allocation found

((0, 1), (1, 5), (4, 5), (2, 3, 4), (0, 2, 3, 5))
No allocation found

((0, 1), (1, 5), (0, 2, 3), (0, 4, 5), (1, 2, 3, 4))
No allocation found

((0, 1), (1, 5), (0, 2, 4), (0, 3, 5), (1, 2, 3, 4))
No allocation found

((0, 1), (1, 5), (0, 2, 5), (0, 3, 4), (1, 2, 3, 4))
No allocation found

((0, 1), (1, 5), (0, 2, 5), (1, 3, 4), (0, 3, 4, 5))
No allocation found

((0, 1), (1, 5), (0, 2, 5), (2, 3, 4), (0, 3, 4, 5))
No allocation found

((0, 1), (1, 5), (0, 2, 5), (3, 4, 5), (1, 2, 3, 4))
No allocation found

((0, 1), (1, 5), (0, 2, 5), (0, 3, 4, 5), (1, 2, 3, 4))
No allocation found

((0, 1), (1, 5), (0, 3, 5), (1, 2, 4), (0, 2, 4, 5))
No allocation found

((0, 1), (1, 5), (0, 3, 5), (2, 3, 4), (0, 2, 4, 5))
No allocation found

((0, 1), (1, 5), (0, 3, 5), (2, 4, 5), (1, 2, 3, 4))
No allocation found

((0, 1), (1, 5), (0, 3, 5), (0, 2, 4, 5), (1, 2, 3, 4))
No allocation found

((0, 1), (1, 5), (0, 4, 5), (1, 2, 3), (0, 2, 3, 5))
No allocation found

((0, 1), (1, 5), (0, 4, 5), (2, 3, 4), (0, 2, 3, 5))
No allocation found

((0, 1), (1, 5), (0, 4, 5), (2, 3, 5), (1, 2, 3, 4))
No allocation found

((0, 1), (1, 5), (0, 4, 5), (0, 2, 3, 5), (1, 2, 3, 4))
No allocation found

((0, 1), (1, 5), (1, 2, 3), (2, 3, 4), (0, 2, 3, 5))
No allocation found

((0, 1), (1, 5), (1, 2, 4), (2, 3, 4), (0, 2, 4, 5))
No allocation found

((0, 1), (1, 5), (1, 3, 4), (2, 3, 4), (0, 3, 4, 5))
No allocation found

((0, 1), (2, 3), (2, 4), (2, 5), (3, 4, 5))
No allocation found

((0, 1), (2, 3), (3, 4), (3, 5), (2, 4, 5))
No allocation found

((0, 1), (2, 3), (0, 4, 5), (1, 2, 4, 5), (1, 3, 4, 5))
No allocation found

((0, 1), (2, 3), (1, 4, 5), (0, 2, 4, 5), (0, 3, 4, 5))
No allocation found

((0, 1), (2, 3), (2, 4, 5), (0, 3, 4, 5), (1, 3, 4, 5))
No allocation found

((0, 1), (2, 3), (3, 4, 5), (0, 2, 4, 5), (1, 2, 4, 5))
No allocation found

((0, 1), (2, 4), (3, 4), (4, 5), (2, 3, 5))
No allocation found

((0, 1), (2, 4), (0, 3, 5), (1, 2, 3, 5), (1, 3, 4, 5))
No allocation found

((0, 1), (2, 4), (1, 3, 5), (0, 2, 3, 5), (0, 3, 4, 5))
No allocation found

((0, 1), (2, 4), (2, 3, 5), (0, 3, 4, 5), (1, 3, 4, 5))
No allocation found

((0, 1), (2, 4), (3, 4, 5), (0, 2, 3, 5), (1, 2, 3, 5))
No allocation found

((0, 1), (2, 5), (3, 5), (4, 5), (2, 3, 4))
No allocation found

((0, 1), (2, 5), (0, 3, 4), (1, 2, 3, 4), (1, 3, 4, 5))
No allocation found

((0, 1), (2, 5), (1, 3, 4), (0, 2, 3, 4), (0, 3, 4, 5))
No allocation found

((0, 1), (2, 5), (2, 3, 4), (0, 3, 4, 5), (1, 3, 4, 5))
No allocation found

((0, 1), (2, 5), (3, 4, 5), (0, 2, 3, 4), (1, 2, 3, 4))
No allocation found

((0, 1), (3, 4), (0, 2, 5), (1, 2, 3, 5), (1, 2, 4, 5))
No allocation found

((0, 1), (3, 4), (1, 2, 5), (0, 2, 3, 5), (0, 2, 4, 5))
No allocation found

((0, 1), (3, 4), (2, 3, 5), (0, 2, 4, 5), (1, 2, 4, 5))
No allocation found

((0, 1), (3, 4), (2, 4, 5), (0, 2, 3, 5), (1, 2, 3, 5))
No allocation found

((0, 1), (3, 5), (0, 2, 4), (1, 2, 3, 4), (1, 2, 4, 5))
No allocation found

((0, 1), (3, 5), (1, 2, 4), (0, 2, 3, 4), (0, 2, 4, 5))
No allocation found

((0, 1), (3, 5), (2, 3, 4), (0, 2, 4, 5), (1, 2, 4, 5))
No allocation found

((0, 1), (3, 5), (2, 4, 5), (0, 2, 3, 4), (1, 2, 3, 4))
No allocation found

((0, 1), (4, 5), (0, 2, 3), (1, 2, 3, 4), (1, 2, 3, 5))
No allocation found

((0, 1), (4, 5), (1, 2, 3), (0, 2, 3, 4), (0, 2, 3, 5))
No allocation found

((0, 1), (4, 5), (2, 3, 4), (0, 2, 3, 5), (1, 2, 3, 5))
No allocation found

((0, 1), (4, 5), (2, 3, 5), (0, 2, 3, 4), (1, 2, 3, 4))
No allocation found

((0, 1), (0, 2, 3), (0, 4, 5), (1, 2, 3, 4), (1, 2, 3, 5))
No allocation found

((0, 1), (0, 2, 3), (0, 4, 5), (1, 2, 4, 5), (1, 3, 4, 5))
No allocation found

((0, 1), (0, 2, 3), (1, 2, 3), (0, 2, 4, 5), (0, 3, 4, 5))
No allocation found

((0, 1), (0, 2, 3), (1, 2, 3), (1, 2, 4, 5), (1, 3, 4, 5))
No allocation found

((0, 1), (0, 2, 3), (1, 4, 5), (0, 2, 4, 5), (0, 3, 4, 5))
No allocation found

((0, 1), (0, 2, 3), (1, 4, 5), (1, 2, 3, 4), (1, 2, 3, 5))
No allocation found

((0, 1), (0, 2, 3), (2, 4, 5), (0, 3, 4, 5), (1, 3, 4, 5))
No allocation found

((0, 1), (0, 2, 3), (3, 4, 5), (0, 2, 4, 5), (1, 2, 4, 5))
No allocation found

((0, 1), (0, 2, 3), (0, 2, 4, 5), (0, 3, 4, 5), (1, 2, 3, 4, 5))
No allocation found

((0, 1), (0, 2, 3), (0, 2, 4, 5), (1, 2, 4, 5), (1, 3, 4, 5))
No allocation found

((0, 1), (0, 2, 3), (0, 3, 4, 5), (1, 2, 4, 5), (1, 3, 4, 5))
No allocation found

((0, 1), (0, 2, 4), (0, 3, 5), (1, 2, 3, 4), (1, 2, 4, 5))
No allocation found

((0, 1), (0, 2, 4), (0, 3, 5), (1, 2, 3, 5), (1, 3, 4, 5))
No allocation found

((0, 1), (0, 2, 4), (1, 2, 4), (0, 2, 3, 5), (0, 3, 4, 5))
No allocation found

((0, 1), (0, 2, 4), (1, 2, 4), (1, 2, 3, 5), (1, 3, 4, 5))
No allocation found

((0, 1), (0, 2, 4), (1, 3, 5), (0, 2, 3, 5), (0, 3, 4, 5))
No allocation found

((0, 1), (0, 2, 4), (1, 3, 5), (1, 2, 3, 4), (1, 2, 4, 5))
No allocation found

((0, 1), (0, 2, 4), (2, 3, 5), (0, 3, 4, 5), (1, 3, 4, 5))
No allocation found

((0, 1), (0, 2, 4), (3, 4, 5), (0, 2, 3, 5), (1, 2, 3, 5))
No allocation found

((0, 1), (0, 2, 4), (0, 2, 3, 5), (0, 3, 4, 5), (1, 2, 3, 4, 5))
No allocation found

((0, 1), (0, 2, 4), (0, 2, 3, 5), (1, 2, 3, 5), (1, 3, 4, 5))
No allocation found

((0, 1), (0, 2, 4), (0, 3, 4, 5), (1, 2, 3, 5), (1, 3, 4, 5))
No allocation found

((0, 1), (0, 2, 5), (0, 3, 4), (1, 2, 3, 4), (1, 3, 4, 5))
No allocation found

((0, 1), (0, 2, 5), (0, 3, 4), (1, 2, 3, 5), (1, 2, 4, 5))
No allocation found

((0, 1), (0, 2, 5), (1, 2, 5), (0, 2, 3, 4), (0, 3, 4, 5))
No allocation found

((0, 1), (0, 2, 5), (1, 2, 5), (1, 2, 3, 4), (1, 3, 4, 5))
No allocation found

((0, 1), (0, 2, 5), (1, 3, 4), (0, 2, 3, 4), (0, 3, 4, 5))
No allocation found

((0, 1), (0, 2, 5), (1, 3, 4), (1, 2, 3, 5), (1, 2, 4, 5))
No allocation found

((0, 1), (0, 2, 5), (2, 3, 4), (0, 3, 4, 5), (1, 3, 4, 5))
No allocation found

((0, 1), (0, 2, 5), (3, 4, 5), (0, 2, 3, 4), (1, 2, 3, 4))
No allocation found

((0, 1), (0, 2, 5), (0, 2, 3, 4), (0, 3, 4, 5), (1, 2, 3, 4, 5))
No allocation found

((0, 1), (0, 2, 5), (0, 2, 3, 4), (1, 2, 3, 4), (1, 3, 4, 5))
No allocation found

((0, 1), (0, 2, 5), (0, 3, 4, 5), (1, 2, 3, 4), (1, 3, 4, 5))
No allocation found

((0, 1), (0, 3, 4), (1, 2, 5), (0, 2, 3, 5), (0, 2, 4, 5))
No allocation found

((0, 1), (0, 3, 4), (1, 2, 5), (1, 2, 3, 4), (1, 3, 4, 5))
No allocation found

((0, 1), (0, 3, 4), (1, 3, 4), (0, 2, 3, 5), (0, 2, 4, 5))
No allocation found

((0, 1), (0, 3, 4), (1, 3, 4), (1, 2, 3, 5), (1, 2, 4, 5))
No allocation found

((0, 1), (0, 3, 4), (2, 3, 5), (0, 2, 4, 5), (1, 2, 4, 5))
No allocation found

((0, 1), (0, 3, 4), (2, 4, 5), (0, 2, 3, 5), (1, 2, 3, 5))
No allocation found

((0, 1), (0, 3, 4), (0, 2, 3, 5), (0, 2, 4, 5), (1, 2, 3, 4, 5))
No allocation found

((0, 1), (0, 3, 4), (0, 2, 3, 5), (1, 2, 3, 5), (1, 2, 4, 5))
No allocation found

((0, 1), (0, 3, 4), (0, 2, 4, 5), (1, 2, 3, 5), (1, 2, 4, 5))
No allocation found

((0, 1), (0, 3, 5), (1, 2, 4), (0, 2, 3, 4), (0, 2, 4, 5))
No allocation found

((0, 1), (0, 3, 5), (1, 2, 4), (1, 2, 3, 5), (1, 3, 4, 5))
No allocation found

((0, 1), (0, 3, 5), (1, 3, 5), (0, 2, 3, 4), (0, 2, 4, 5))
No allocation found

((0, 1), (0, 3, 5), (1, 3, 5), (1, 2, 3, 4), (1, 2, 4, 5))
No allocation found

((0, 1), (0, 3, 5), (2, 3, 4), (0, 2, 4, 5), (1, 2, 4, 5))
No allocation found

((0, 1), (0, 3, 5), (2, 4, 5), (0, 2, 3, 4), (1, 2, 3, 4))
No allocation found

((0, 1), (0, 3, 5), (0, 2, 3, 4), (0, 2, 4, 5), (1, 2, 3, 4, 5))
No allocation found

((0, 1), (0, 3, 5), (0, 2, 3, 4), (1, 2, 3, 4), (1, 2, 4, 5))
No allocation found

((0, 1), (0, 3, 5), (0, 2, 4, 5), (1, 2, 3, 4), (1, 2, 4, 5))
No allocation found

((0, 1), (0, 4, 5), (1, 2, 3), (0, 2, 3, 4), (0, 2, 3, 5))
No allocation found

((0, 1), (0, 4, 5), (1, 2, 3), (1, 2, 4, 5), (1, 3, 4, 5))
No allocation found

((0, 1), (0, 4, 5), (1, 4, 5), (0, 2, 3, 4), (0, 2, 3, 5))
No allocation found

((0, 1), (0, 4, 5), (1, 4, 5), (1, 2, 3, 4), (1, 2, 3, 5))
No allocation found

((0, 1), (0, 4, 5), (2, 3, 4), (0, 2, 3, 5), (1, 2, 3, 5))
No allocation found

((0, 1), (0, 4, 5), (2, 3, 5), (0, 2, 3, 4), (1, 2, 3, 4))
No allocation found

((0, 1), (0, 4, 5), (0, 2, 3, 4), (0, 2, 3, 5), (1, 2, 3, 4, 5))
No allocation found

((0, 1), (0, 4, 5), (0, 2, 3, 4), (1, 2, 3, 4), (1, 2, 3, 5))
No allocation found

((0, 1), (0, 4, 5), (0, 2, 3, 5), (1, 2, 3, 4), (1, 2, 3, 5))
No allocation found

((0, 1), (1, 2, 3), (1, 4, 5), (0, 2, 3, 4), (0, 2, 3, 5))
No allocation found

((0, 1), (1, 2, 3), (1, 4, 5), (0, 2, 4, 5), (0, 3, 4, 5))
No allocation found

((0, 1), (1, 2, 3), (2, 4, 5), (0, 3, 4, 5), (1, 3, 4, 5))
No allocation found

((0, 1), (1, 2, 3), (3, 4, 5), (0, 2, 4, 5), (1, 2, 4, 5))
No allocation found

((0, 1), (1, 2, 3), (0, 2, 4, 5), (0, 3, 4, 5), (1, 2, 4, 5))
No allocation found

((0, 1), (1, 2, 3), (0, 2, 4, 5), (0, 3, 4, 5), (1, 3, 4, 5))
No allocation found

((0, 1), (1, 2, 3), (1, 2, 4, 5), (1, 3, 4, 5), (0, 2, 3, 4, 5))
No allocation found

((0, 1), (1, 2, 4), (1, 3, 5), (0, 2, 3, 4), (0, 2, 4, 5))
No allocation found

((0, 1), (1, 2, 4), (1, 3, 5), (0, 2, 3, 5), (0, 3, 4, 5))
No allocation found

((0, 1), (1, 2, 4), (2, 3, 5), (0, 3, 4, 5), (1, 3, 4, 5))
No allocation found

((0, 1), (1, 2, 4), (3, 4, 5), (0, 2, 3, 5), (1, 2, 3, 5))
No allocation found

((0, 1), (1, 2, 4), (0, 2, 3, 5), (0, 3, 4, 5), (1, 2, 3, 5))
No allocation found

((0, 1), (1, 2, 4), (0, 2, 3, 5), (0, 3, 4, 5), (1, 3, 4, 5))
No allocation found

((0, 1), (1, 2, 4), (1, 2, 3, 5), (1, 3, 4, 5), (0, 2, 3, 4, 5))
No allocation found

((0, 1), (1, 2, 5), (1, 3, 4), (0, 2, 3, 4), (0, 3, 4, 5))
No allocation found

((0, 1), (1, 2, 5), (1, 3, 4), (0, 2, 3, 5), (0, 2, 4, 5))
No allocation found

((0, 1), (1, 2, 5), (2, 3, 4), (0, 3, 4, 5), (1, 3, 4, 5))
No allocation found

((0, 1), (1, 2, 5), (3, 4, 5), (0, 2, 3, 4), (1, 2, 3, 4))
No allocation found

((0, 1), (1, 2, 5), (0, 2, 3, 4), (0, 3, 4, 5), (1, 2, 3, 4))
No allocation found

((0, 1), (1, 2, 5), (0, 2, 3, 4), (0, 3, 4, 5), (1, 3, 4, 5))
No allocation found

((0, 1), (1, 2, 5), (1, 2, 3, 4), (1, 3, 4, 5), (0, 2, 3, 4, 5))
No allocation found

((0, 1), (1, 3, 4), (2, 3, 5), (0, 2, 4, 5), (1, 2, 4, 5))
No allocation found

((0, 1), (1, 3, 4), (2, 4, 5), (0, 2, 3, 5), (1, 2, 3, 5))
No allocation found

((0, 1), (1, 3, 4), (0, 2, 3, 5), (0, 2, 4, 5), (1, 2, 3, 5))
No allocation found

((0, 1), (1, 3, 4), (0, 2, 3, 5), (0, 2, 4, 5), (1, 2, 4, 5))
No allocation found

((0, 1), (1, 3, 4), (1, 2, 3, 5), (1, 2, 4, 5), (0, 2, 3, 4, 5))
No allocation found

((0, 1), (1, 3, 5), (2, 3, 4), (0, 2, 4, 5), (1, 2, 4, 5))
No allocation found

((0, 1), (1, 3, 5), (2, 4, 5), (0, 2, 3, 4), (1, 2, 3, 4))
No allocation found

((0, 1), (1, 3, 5), (0, 2, 3, 4), (0, 2, 4, 5), (1, 2, 3, 4))
No allocation found

((0, 1), (1, 3, 5), (0, 2, 3, 4), (0, 2, 4, 5), (1, 2, 4, 5))
No allocation found

((0, 1), (1, 3, 5), (1, 2, 3, 4), (1, 2, 4, 5), (0, 2, 3, 4, 5))
No allocation found

((0, 1), (1, 4, 5), (2, 3, 4), (0, 2, 3, 5), (1, 2, 3, 5))
No allocation found

((0, 1), (1, 4, 5), (2, 3, 5), (0, 2, 3, 4), (1, 2, 3, 4))
No allocation found

((0, 1), (1, 4, 5), (0, 2, 3, 4), (0, 2, 3, 5), (1, 2, 3, 4))
No allocation found

((0, 1), (1, 4, 5), (0, 2, 3, 4), (0, 2, 3, 5), (1, 2, 3, 5))
No allocation found

((0, 1), (1, 4, 5), (1, 2, 3, 4), (1, 2, 3, 5), (0, 2, 3, 4, 5))
No allocation found

((0, 2), (0, 3), (0, 4), (1, 5), (2, 3, 4))
No allocation found

((0, 2), (0, 3), (0, 4), (2, 3), (1, 4, 5))
No allocation found

((0, 2), (0, 3), (0, 4), (2, 4), (1, 3, 5))
No allocation found

((0, 2), (0, 3), (0, 4), (3, 4), (1, 2, 5))
No allocation found

((0, 2), (0, 3), (0, 4), (0, 1, 5), (2, 3, 4))
No allocation found

((0, 2), (0, 3), (0, 4), (0, 1, 5), (1, 2, 3, 4, 5))
No allocation found

((0, 2), (0, 3), (0, 4), (1, 2, 5), (2, 3, 4))
No allocation found

((0, 2), (0, 3), (0, 4), (1, 3, 5), (2, 3, 4))
No allocation found

((0, 2), (0, 3), (0, 4), (1, 4, 5), (2, 3, 4))
No allocation found

((0, 2), (0, 3), (0, 5), (1, 4), (2, 3, 5))
No allocation found

((0, 2), (0, 3), (0, 5), (2, 3), (1, 4, 5))
No allocation found

((0, 2), (0, 3), (0, 5), (2, 5), (1, 3, 4))
No allocation found

((0, 2), (0, 3), (0, 5), (3, 5), (1, 2, 4))
No allocation found

((0, 2), (0, 3), (0, 5), (0, 1, 4), (2, 3, 5))
No allocation found

((0, 2), (0, 3), (0, 5), (0, 1, 4), (1, 2, 3, 4, 5))
No allocation found

((0, 2), (0, 3), (0, 5), (1, 2, 4), (2, 3, 5))
No allocation found

((0, 2), (0, 3), (0, 5), (1, 3, 4), (2, 3, 5))
No allocation found

((0, 2), (0, 3), (0, 5), (1, 4, 5), (2, 3, 5))
No allocation found

((0, 2), (0, 3), (1, 2), (2, 3), (1, 4, 5))
No allocation found

((0, 2), (0, 3), (1, 2), (1, 4, 5), (2, 3, 4, 5))
No allocation found

((0, 2), (0, 3), (1, 2), (3, 4, 5), (0, 1, 4, 5))
No allocation found

((0, 2), (0, 3), (1, 3), (2, 3), (1, 4, 5))
No allocation found

((0, 2), (0, 3), (1, 3), (1, 4, 5), (2, 3, 4, 5))
No allocation found

((0, 2), (0, 3), (1, 3), (2, 4, 5), (0, 1, 4, 5))
No allocation found

((0, 2), (0, 3), (2, 3), (2, 4), (1, 4, 5))
No allocation found

((0, 2), (0, 3), (2, 3), (2, 5), (1, 4, 5))
No allocation found

((0, 2), (0, 3), (2, 3), (3, 4), (1, 4, 5))
No allocation found

((0, 2), (0, 3), (2, 3), (3, 5), (1, 4, 5))
No allocation found

((0, 2), (0, 3), (2, 3), (0, 1, 4), (1, 4, 5))
No allocation found

((0, 2), (0, 3), (2, 3), (0, 1, 5), (1, 4, 5))
No allocation found

((0, 2), (0, 3), (2, 3), (0, 4, 5), (1, 4, 5))
No allocation found

((0, 2), (0, 3), (2, 3), (1, 2, 4), (1, 4, 5))
No allocation found

((0, 2), (0, 3), (2, 3), (1, 2, 5), (1, 4, 5))
No allocation found

((0, 2), (0, 3), (2, 3), (1, 3, 4), (1, 4, 5))
No allocation found

((0, 2), (0, 3), (2, 3), (1, 3, 5), (1, 4, 5))
No allocation found

((0, 2), (0, 3), (2, 3), (1, 4, 5), (2, 4, 5))
No allocation found

((0, 2), (0, 3), (2, 3), (1, 4, 5), (3, 4, 5))
No allocation found

((0, 2), (0, 3), (2, 4), (1, 3, 5), (0, 1, 4, 5))
No allocation found

((0, 2), (0, 3), (2, 4), (1, 4, 5), (1, 2, 3, 5))
No allocation found

((0, 2), (0, 3), (2, 5), (1, 3, 4), (0, 1, 4, 5))
No allocation found

((0, 2), (0, 3), (2, 5), (1, 4, 5), (1, 2, 3, 4))
No allocation found

((0, 2), (0, 3), (3, 4), (1, 2, 5), (0, 1, 4, 5))
No allocation found

((0, 2), (0, 3), (3, 4), (1, 4, 5), (1, 2, 3, 5))
No allocation found

((0, 2), (0, 3), (3, 5), (1, 2, 4), (0, 1, 4, 5))
No allocation found

((0, 2), (0, 3), (3, 5), (1, 4, 5), (1, 2, 3, 4))
No allocation found

((0, 2), (0, 3), (0, 1, 4), (1, 4, 5), (1, 2, 3, 4))
No allocation found

((0, 2), (0, 3), (0, 1, 4), (2, 3, 5), (1, 2, 3, 4))
No allocation found

((0, 2), (0, 3), (0, 1, 5), (1, 4, 5), (1, 2, 3, 5))
No allocation found

((0, 2), (0, 3), (0, 1, 5), (2, 3, 4), (1, 2, 3, 5))
No allocation found

((0, 2), (0, 3), (0, 4, 5), (1, 2, 3), (2, 3, 4, 5))
No allocation found

((0, 2), (0, 3), (0, 4, 5), (1, 4, 5), (2, 3, 4, 5))
No allocation found

((0, 2), (0, 3), (1, 2, 3), (1, 4, 5), (2, 3, 4, 5))
No allocation found

((0, 2), (0, 3), (1, 2, 3), (2, 4, 5), (0, 1, 4, 5))
No allocation found

((0, 2), (0, 3), (1, 2, 3), (3, 4, 5), (0, 1, 4, 5))
No allocation found

((0, 2), (0, 3), (1, 2, 3), (0, 1, 4, 5), (2, 3, 4, 5))
No allocation found

((0, 2), (0, 3), (1, 2, 4), (2, 3, 5), (0, 1, 4, 5))
No allocation found

((0, 2), (0, 3), (1, 2, 5), (2, 3, 4), (0, 1, 4, 5))
No allocation found

((0, 2), (0, 3), (1, 3, 4), (2, 3, 5), (0, 1, 4, 5))
No allocation found

((0, 2), (0, 3), (1, 3, 5), (2, 3, 4), (0, 1, 4, 5))
No allocation found

((0, 2), (0, 3), (1, 4, 5), (2, 3, 4), (1, 2, 3, 5))
No allocation found

((0, 2), (0, 3), (1, 4, 5), (2, 3, 5), (1, 2, 3, 4))
No allocation found

((0, 2), (0, 3), (2, 3, 4), (0, 1, 4, 5), (1, 2, 3, 5))
No allocation found

((0, 2), (0, 3), (2, 3, 5), (0, 1, 4, 5), (1, 2, 3, 4))
No allocation found

((0, 2), (0, 4), (0, 5), (1, 3), (2, 4, 5))
No allocation found

((0, 2), (0, 4), (0, 5), (2, 4), (1, 3, 5))
No allocation found

((0, 2), (0, 4), (0, 5), (2, 5), (1, 3, 4))
No allocation found

((0, 2), (0, 4), (0, 5), (4, 5), (1, 2, 3))
No allocation found

((0, 2), (0, 4), (0, 5), (0, 1, 3), (2, 4, 5))
No allocation found

((0, 2), (0, 4), (0, 5), (0, 1, 3), (1, 2, 3, 4, 5))
No allocation found

((0, 2), (0, 4), (0, 5), (1, 2, 3), (2, 4, 5))
No allocation found

((0, 2), (0, 4), (0, 5), (1, 3, 4), (2, 4, 5))
No allocation found

((0, 2), (0, 4), (0, 5), (1, 3, 5), (2, 4, 5))
No allocation found

((0, 2), (0, 4), (1, 2), (2, 4), (1, 3, 5))
No allocation found

((0, 2), (0, 4), (1, 2), (1, 3, 5), (2, 3, 4, 5))
No allocation found

((0, 2), (0, 4), (1, 2), (3, 4, 5), (0, 1, 3, 5))
No allocation found

((0, 2), (0, 4), (1, 4), (2, 4), (1, 3, 5))
No allocation found

((0, 2), (0, 4), (1, 4), (1, 3, 5), (2, 3, 4, 5))
No allocation found

((0, 2), (0, 4), (1, 4), (2, 3, 5), (0, 1, 3, 5))
No allocation found

((0, 2), (0, 4), (2, 3), (2, 4), (1, 3, 5))
No allocation found

((0, 2), (0, 4), (2, 3), (1, 3, 5), (1, 2, 4, 5))
No allocation found

((0, 2), (0, 4), (2, 3), (1, 4, 5), (0, 1, 3, 5))
No allocation found

((0, 2), (0, 4), (2, 4), (2, 5), (1, 3, 5))
No allocation found

((0, 2), (0, 4), (2, 4), (3, 4), (1, 3, 5))
No allocation found

((0, 2), (0, 4), (2, 4), (4, 5), (1, 3, 5))
No allocation found

((0, 2), (0, 4), (2, 4), (0, 1, 3), (1, 3, 5))
No allocation found

((0, 2), (0, 4), (2, 4), (0, 1, 5), (1, 3, 5))
No allocation found

((0, 2), (0, 4), (2, 4), (0, 3, 5), (1, 3, 5))
No allocation found

((0, 2), (0, 4), (2, 4), (1, 2, 3), (1, 3, 5))
No allocation found

((0, 2), (0, 4), (2, 4), (1, 2, 5), (1, 3, 5))
No allocation found

((0, 2), (0, 4), (2, 4), (1, 3, 4), (1, 3, 5))
No allocation found

((0, 2), (0, 4), (2, 4), (1, 3, 5), (1, 4, 5))
No allocation found

((0, 2), (0, 4), (2, 4), (1, 3, 5), (2, 3, 5))
No allocation found

((0, 2), (0, 4), (2, 4), (1, 3, 5), (3, 4, 5))
No allocation found

((0, 2), (0, 4), (2, 5), (1, 3, 4), (0, 1, 3, 5))
No allocation found

((0, 2), (0, 4), (2, 5), (1, 3, 5), (1, 2, 3, 4))
No allocation found

((0, 2), (0, 4), (3, 4), (1, 2, 5), (0, 1, 3, 5))
No allocation found

((0, 2), (0, 4), (3, 4), (1, 3, 5), (1, 2, 4, 5))
No allocation found

((0, 2), (0, 4), (4, 5), (1, 2, 3), (0, 1, 3, 5))
No allocation found

((0, 2), (0, 4), (4, 5), (1, 3, 5), (1, 2, 3, 4))
No allocation found

((0, 2), (0, 4), (0, 1, 3), (1, 3, 5), (1, 2, 3, 4))
No allocation found

((0, 2), (0, 4), (0, 1, 3), (2, 4, 5), (1, 2, 3, 4))
No allocation found

((0, 2), (0, 4), (0, 1, 5), (1, 3, 5), (1, 2, 4, 5))
No allocation found

((0, 2), (0, 4), (0, 1, 5), (2, 3, 4), (1, 2, 4, 5))
No allocation found

((0, 2), (0, 4), (0, 3, 5), (1, 2, 4), (2, 3, 4, 5))
No allocation found

((0, 2), (0, 4), (0, 3, 5), (1, 3, 5), (2, 3, 4, 5))
No allocation found

((0, 2), (0, 4), (1, 2, 3), (2, 4, 5), (0, 1, 3, 5))
No allocation found

((0, 2), (0, 4), (1, 2, 4), (1, 3, 5), (2, 3, 4, 5))
No allocation found

((0, 2), (0, 4), (1, 2, 4), (2, 3, 5), (0, 1, 3, 5))
No allocation found

((0, 2), (0, 4), (1, 2, 4), (3, 4, 5), (0, 1, 3, 5))
No allocation found

((0, 2), (0, 4), (1, 2, 4), (0, 1, 3, 5), (2, 3, 4, 5))
No allocation found

((0, 2), (0, 4), (1, 2, 5), (2, 3, 4), (0, 1, 3, 5))
No allocation found

((0, 2), (0, 4), (1, 3, 4), (2, 4, 5), (0, 1, 3, 5))
No allocation found

((0, 2), (0, 4), (1, 3, 5), (2, 3, 4), (1, 2, 4, 5))
No allocation found

((0, 2), (0, 4), (1, 3, 5), (2, 4, 5), (1, 2, 3, 4))
No allocation found

((0, 2), (0, 4), (1, 4, 5), (2, 3, 4), (0, 1, 3, 5))
No allocation found

((0, 2), (0, 4), (2, 3, 4), (0, 1, 3, 5), (1, 2, 4, 5))
No allocation found

((0, 2), (0, 4), (2, 4, 5), (0, 1, 3, 5), (1, 2, 3, 4))
No allocation found

((0, 2), (0, 5), (1, 2), (2, 5), (1, 3, 4))
No allocation found

((0, 2), (0, 5), (1, 2), (1, 3, 4), (2, 3, 4, 5))
No allocation found

((0, 2), (0, 5), (1, 2), (3, 4, 5), (0, 1, 3, 4))
No allocation found

((0, 2), (0, 5), (1, 5), (2, 5), (1, 3, 4))
No allocation found

((0, 2), (0, 5), (1, 5), (1, 3, 4), (2, 3, 4, 5))
No allocation found

((0, 2), (0, 5), (1, 5), (2, 3, 4), (0, 1, 3, 4))
No allocation found

((0, 2), (0, 5), (2, 3), (2, 5), (1, 3, 4))
No allocation found

((0, 2), (0, 5), (2, 3), (1, 3, 4), (1, 2, 4, 5))
No allocation found

((0, 2), (0, 5), (2, 3), (1, 4, 5), (0, 1, 3, 4))
No allocation found

((0, 2), (0, 5), (2, 4), (2, 5), (1, 3, 4))
No allocation found

((0, 2), (0, 5), (2, 4), (1, 3, 4), (1, 2, 3, 5))
No allocation found

((0, 2), (0, 5), (2, 4), (1, 3, 5), (0, 1, 3, 4))
No allocation found

((0, 2), (0, 5), (2, 5), (3, 5), (1, 3, 4))
No allocation found

((0, 2), (0, 5), (2, 5), (4, 5), (1, 3, 4))
No allocation found

((0, 2), (0, 5), (2, 5), (0, 1, 3), (1, 3, 4))
No allocation found

((0, 2), (0, 5), (2, 5), (0, 1, 4), (1, 3, 4))
No allocation found

((0, 2), (0, 5), (2, 5), (0, 3, 4), (1, 3, 4))
No allocation found

((0, 2), (0, 5), (2, 5), (1, 2, 3), (1, 3, 4))
No allocation found

((0, 2), (0, 5), (2, 5), (1, 2, 4), (1, 3, 4))
No allocation found

((0, 2), (0, 5), (2, 5), (1, 3, 4), (1, 3, 5))
No allocation found

((0, 2), (0, 5), (2, 5), (1, 3, 4), (1, 4, 5))
No allocation found

((0, 2), (0, 5), (2, 5), (1, 3, 4), (2, 3, 4))
No allocation found

((0, 2), (0, 5), (2, 5), (1, 3, 4), (3, 4, 5))
No allocation found

((0, 2), (0, 5), (3, 5), (1, 2, 4), (0, 1, 3, 4))
No allocation found

((0, 2), (0, 5), (3, 5), (1, 3, 4), (1, 2, 4, 5))
No allocation found

((0, 2), (0, 5), (4, 5), (1, 2, 3), (0, 1, 3, 4))
No allocation found

((0, 2), (0, 5), (4, 5), (1, 3, 4), (1, 2, 3, 5))
No allocation found

((0, 2), (0, 5), (0, 1, 3), (1, 3, 4), (1, 2, 3, 5))
No allocation found

((0, 2), (0, 5), (0, 1, 3), (2, 4, 5), (1, 2, 3, 5))
No allocation found